[22/06/2024 16:11:33] _lil_K won Carrot Sword (ID: carrot_sword, Weight: 25.0) from Carrot Crate (ID: crate_preview)
[22/06/2024 16:11:47] BDPlaysLive won Carrot Sword (ID: carrot_sword, Weight: 25.0) from Carrot Crate (ID: crate_preview)
[22/06/2024 16:11:53] HeyItzSock won Carrot Sword (ID: carrot_sword, Weight: 25.0) from Carrot Crate (ID: crate_preview)
[22/06/2024 16:16:46] HeyItzSock won Carrot Sword (ID: carrot_sword, Weight: 25.0) from Carrot Crate (ID: crate_preview)
[22/06/2024 16:16:50] _lil_K won Carrot Sword (ID: carrot_sword, Weight: 25.0) from Carrot Crate (ID: crate_preview)
[22/06/2024 16:16:52] BDPlaysLive won Carrot Sword (ID: carrot_sword, Weight: 25.0) from Carrot Crate (ID: crate_preview)
[22/06/2024 16:20:30] HeyItzSock won Carrot Sword (ID: carrot_sword, Weight: 25.0) from Carrot Crate (ID: crate_preview)
[22/06/2024 16:21:13] _lil_K won Carrot Sword (ID: carrot_sword, Weight: 25.0) from Carrot Crate (ID: crate_preview)
[22/06/2024 16:21:17] BDPlaysLive won Carrot Sword (ID: carrot_sword, Weight: 25.0) from Carrot Crate (ID: crate_preview)
[22/06/2024 16:27:08] HeyItzSock won Carrot Shovel (ID: carrot_shovel, Weight: 25.0) from Carrot Crate (ID: crate_preview)
[22/06/2024 16:29:10] HeyItzSock won Carrot Shovel (ID: carrot_shovel, Weight: 25.0) from Carrot Crate (ID: crate_preview)
[22/06/2024 16:30:08] HeyItzSock won Carrot Shovel (ID: carrot_shovel, Weight: 25.0) from Carrot Crate (ID: crate_preview)
[22/06/2024 16:30:09] HeyItzSock won Carrot Shovel (ID: carrot_shovel, Weight: 25.0) from Carrot Crate (ID: crate_preview)
[22/06/2024 16:30:09] HeyItzSock won Carrot Shovel (ID: carrot_shovel, Weight: 25.0) from Carrot Crate (ID: crate_preview)
[22/06/2024 16:30:09] HeyItzSock won Carrot Sword (ID: carrot_sword, Weight: 25.0) from Carrot Crate (ID: crate_preview)
[22/06/2024 16:30:09] HeyItzSock won Carrot Shovel (ID: carrot_shovel, Weight: 25.0) from Carrot Crate (ID: crate_preview)
[22/06/2024 16:30:09] HeyItzSock won Carrot Shovel (ID: carrot_shovel, Weight: 25.0) from Carrot Crate (ID: crate_preview)
[22/06/2024 16:30:10] HeyItzSock won Carrot Sword (ID: carrot_sword, Weight: 25.0) from Carrot Crate (ID: crate_preview)
[22/06/2024 16:30:10] HeyItzSock won Carrot Shovel (ID: carrot_shovel, Weight: 25.0) from Carrot Crate (ID: crate_preview)
[22/06/2024 16:30:10] HeyItzSock won Carrot Shovel (ID: carrot_shovel, Weight: 25.0) from Carrot Crate (ID: crate_preview)
[22/06/2024 16:30:10] HeyItzSock won Carrot Shovel (ID: carrot_shovel, Weight: 25.0) from Carrot Crate (ID: crate_preview)
[22/06/2024 16:30:10] HeyItzSock won Carrot Shovel (ID: carrot_shovel, Weight: 25.0) from Carrot Crate (ID: crate_preview)
[22/06/2024 16:30:11] HeyItzSock won Carrot Shovel (ID: carrot_shovel, Weight: 25.0) from Carrot Crate (ID: crate_preview)
[22/06/2024 16:30:11] HeyItzSock won Carrot Sword (ID: carrot_sword, Weight: 25.0) from Carrot Crate (ID: crate_preview)
[22/06/2024 16:30:11] HeyItzSock won Carrot Shovel (ID: carrot_shovel, Weight: 25.0) from Carrot Crate (ID: crate_preview)
[22/06/2024 16:39:30] HeyItzSock won Carrot Shovel (ID: carrot_shovel, Weight: 25.0) from Carrot Crate (ID: crate_preview)
[22/06/2024 16:41:06] _lil_K won Carrot Shield (ID: carrot_shield, Weight: 25.0) from Carrot Crate (ID: crate_preview)
[22/06/2024 16:41:14] _lil_K won Carrot Shield (ID: carrot_shield, Weight: 25.0) from Carrot Crate (ID: crate_preview)
[22/06/2024 16:44:12] _lil_K won Carrot Shovel (ID: carrot_shovel, Weight: 25.0) from Carrot Crate (ID: crate_preview)
[22/06/2024 16:44:17] _lil_K won Carrot Shield (ID: carrot_shield, Weight: 25.0) from Carrot Crate (ID: crate_preview)
[22/06/2024 16:44:20] _lil_K won Carrot Shield (ID: carrot_shield, Weight: 25.0) from Carrot Crate (ID: crate_preview)
[22/06/2024 16:44:21] _lil_K won Carrot Shield (ID: carrot_shield, Weight: 25.0) from Carrot Crate (ID: crate_preview)
[22/06/2024 16:44:22] _lil_K won Carrot Shovel (ID: carrot_shovel, Weight: 25.0) from Carrot Crate (ID: crate_preview)
[22/06/2024 16:44:22] _lil_K won Carrot Shield (ID: carrot_shield, Weight: 25.0) from Carrot Crate (ID: crate_preview)
[22/06/2024 16:44:25] _lil_K won Carrot Shield (ID: carrot_shield, Weight: 25.0) from Carrot Crate (ID: crate_preview)
[22/06/2024 16:44:25] _lil_K won Carrot Sword (ID: carrot_sword, Weight: 25.0) from Carrot Crate (ID: crate_preview)
[22/06/2024 16:44:26] _lil_K won Carrot Shield (ID: carrot_shield, Weight: 25.0) from Carrot Crate (ID: crate_preview)
[22/06/2024 16:44:26] _lil_K won Carrot Sword (ID: carrot_sword, Weight: 25.0) from Carrot Crate (ID: crate_preview)
[22/06/2024 16:44:27] _lil_K won Carrot Shield (ID: carrot_shield, Weight: 25.0) from Carrot Crate (ID: crate_preview)
[22/06/2024 16:44:27] _lil_K won Carrot Shovel (ID: carrot_shovel, Weight: 25.0) from Carrot Crate (ID: crate_preview)
[22/06/2024 16:47:34] BDPlaysLive won Carrot Shield (ID: carrot_shield, Weight: 25.0) from Carrot Crate (ID: crate_preview)
[22/06/2024 16:47:44] _lil_K won Carrot Pickaxe (ID: carrot_pickaxe, Weight: 25.0) from Carrot Crate (ID: crate_preview)
[22/06/2024 16:48:05] BDPlaysLive won Carrot Pickaxe (ID: carrot_pickaxe, Weight: 25.0) from Carrot Crate (ID: crate_preview)
[22/06/2024 16:48:28] BDPlaysLive won Carrot Shield (ID: carrot_shield, Weight: 25.0) from Carrot Crate (ID: crate_preview)
[22/06/2024 16:48:29] BDPlaysLive won Carrot Pickaxe (ID: carrot_pickaxe, Weight: 25.0) from Carrot Crate (ID: crate_preview)
[22/06/2024 16:51:38] _lil_K won Carrot Shield (ID: carrot_shield, Weight: 25.0) from Carrot Crate (ID: crate_preview)
[22/06/2024 16:51:40] _lil_K won Carrot Pickaxe (ID: carrot_pickaxe, Weight: 25.0) from Carrot Crate (ID: crate_preview)
[22/06/2024 16:51:41] _lil_K won Carrot Axe (ID: carrot_axe, Weight: 25.0) from Carrot Crate (ID: crate_preview)
[22/06/2024 16:51:41] _lil_K won Carrot Axe (ID: carrot_axe, Weight: 25.0) from Carrot Crate (ID: crate_preview)
[22/06/2024 16:53:27] HeyItzSock won Carrot Shovel (ID: carrot_shovel, Weight: 25.0) from Carrot Crate (ID: crate_preview)
[22/06/2024 16:54:18] _lil_K won Carrot Pickaxe (ID: carrot_pickaxe, Weight: 25.0) from Carrot Crate (ID: crate_preview)
[22/06/2024 16:54:21] BDPlaysLive won Carrot Shovel (ID: carrot_shovel, Weight: 25.0) from Carrot Crate (ID: crate_preview)
[22/06/2024 17:02:31] _lil_K won Carrot Axe (ID: carrot_axe, Weight: 25.0) from Carrot Crate (ID: crate_preview)
[22/06/2024 17:04:20] HeyItzSock won Magical Grass Block (ID: inf_grass, Weight: 25.0) from Carrot Crate (ID: crate_preview)
[22/06/2024 17:34:18] Inyofacelinux won Carrot Axe (ID: carrot_axe, Weight: 25.0) from Carrot Crate (ID: crate_preview)
[22/06/2024 17:34:35] _lil_K won Carrot Axe (ID: carrot_axe, Weight: 25.0) from Carrot Crate (ID: crate_preview)
[22/06/2024 17:34:42] HeyItzSock won Carrot Pickaxe (ID: carrot_pickaxe, Weight: 25.0) from Carrot Crate (ID: crate_preview)
[22/06/2024 17:37:28] HeyItzSock won Carrot Sword (ID: carrot_sword, Weight: 25.0) from Carrot Crate (ID: crate_preview)
[22/06/2024 17:39:29] HeyItzSock won Carrot Pickaxe (ID: carrot_pickaxe, Weight: 25.0) from Carrot Crate (ID: crate_preview)
[22/06/2024 17:39:52] Inyofacelinux won Carrot Axe (ID: carrot_axe, Weight: 25.0) from Carrot Crate (ID: crate_preview)
[22/06/2024 17:39:55] HeyItzSock won Carrot Pickaxe (ID: carrot_pickaxe, Weight: 25.0) from Carrot Crate (ID: crate_preview)
[22/06/2024 17:41:13] Inyofacelinux won Carrot Sword (ID: carrot_sword_sat, Weight: 25.0) from Carrot Crate (ID: crate_preview)
[22/06/2024 17:42:50] _lil_K won Carrot Shield (ID: carrot_shield, Weight: 25.0) from Carrot Crate (ID: crate_preview)
[22/06/2024 17:43:22] Inyofacelinux won Carrot Sword (ID: carrot_sword, Weight: 25.0) from Carrot Crate (ID: crate_preview)
[22/06/2024 17:43:55] Inyofacelinux won Carrot Pickaxe (ID: carrot_pickaxe, Weight: 25.0) from Carrot Crate (ID: crate_preview)
[22/06/2024 17:45:32] Inyofacelinux won Carrot Sword (ID: carrot_sword_sat, Weight: 25.0) from Carrot Crate (ID: crate_preview)
[22/06/2024 17:46:36] Inyofacelinux won Magical Grass Block (ID: inf_grass, Weight: 25.0) from Carrot Crate (ID: crate_preview)
[22/06/2024 17:46:37] Inyofacelinux won Carrot Sword (ID: carrot_sword_sat, Weight: 25.0) from Carrot Crate (ID: crate_preview)
[22/06/2024 17:46:38] Inyofacelinux won Carrot Shovel (ID: carrot_shovel, Weight: 25.0) from Carrot Crate (ID: crate_preview)
[22/06/2024 17:51:17] Inyofacelinux won Carrot Sword (ID: carrot_sword, Weight: 25.0) from Carrot Crate (ID: crate_preview)
[22/06/2024 17:52:17] Inyofacelinux won Carrot Sword (ID: carrot_sword_sat, Weight: 25.0) from Carrot Crate (ID: crate_preview)
[22/06/2024 17:52:19] HeyItzSock won Carrot Sword (ID: carrot_sword_sat, Weight: 25.0) from Carrot Crate (ID: crate_preview)
[22/06/2024 17:52:32] HeyItzSock won Carrot Sword (ID: carrot_sword_sat, Weight: 25.0) from Carrot Crate (ID: crate_preview)
[22/06/2024 17:52:33] HeyItzSock won Carrot Axe (ID: carrot_axe, Weight: 25.0) from Carrot Crate (ID: crate_preview)
[22/06/2024 17:52:33] HeyItzSock won Magical Grass Block (ID: inf_grass, Weight: 25.0) from Carrot Crate (ID: crate_preview)
[22/06/2024 17:52:33] HeyItzSock won Carrot Sword (ID: carrot_sword, Weight: 25.0) from Carrot Crate (ID: crate_preview)
[22/06/2024 17:52:33] HeyItzSock won Carrot Axe (ID: carrot_axe, Weight: 25.0) from Carrot Crate (ID: crate_preview)
[22/06/2024 17:52:34] HeyItzSock won Carrot Sword (ID: carrot_sword, Weight: 25.0) from Carrot Crate (ID: crate_preview)
[22/06/2024 17:52:34] HeyItzSock won Carrot Axe (ID: carrot_axe, Weight: 25.0) from Carrot Crate (ID: crate_preview)
[22/06/2024 17:52:34] HeyItzSock won Carrot Sword (ID: carrot_sword_sat, Weight: 25.0) from Carrot Crate (ID: crate_preview)
[22/06/2024 17:52:34] HeyItzSock won Carrot Shovel (ID: carrot_shovel, Weight: 25.0) from Carrot Crate (ID: crate_preview)
[22/06/2024 17:52:34] HeyItzSock won Carrot Pickaxe (ID: carrot_pickaxe, Weight: 25.0) from Carrot Crate (ID: crate_preview)
[22/06/2024 17:52:35] HeyItzSock won Carrot Shield (ID: carrot_shield, Weight: 25.0) from Carrot Crate (ID: crate_preview)
[22/06/2024 17:52:35] HeyItzSock won Carrot Axe (ID: carrot_axe, Weight: 25.0) from Carrot Crate (ID: crate_preview)
[22/06/2024 17:52:35] HeyItzSock won Carrot Sword (ID: carrot_sword, Weight: 25.0) from Carrot Crate (ID: crate_preview)
[22/06/2024 17:52:35] HeyItzSock won Carrot Pickaxe (ID: carrot_pickaxe, Weight: 25.0) from Carrot Crate (ID: crate_preview)
[22/06/2024 17:52:35] HeyItzSock won Carrot Shield (ID: carrot_shield, Weight: 25.0) from Carrot Crate (ID: crate_preview)
[22/06/2024 17:53:13] Inyofacelinux won Carrot Shield (ID: carrot_shield, Weight: 25.0) from Carrot Crate (ID: crate_preview)
[22/06/2024 17:53:13] Inyofacelinux won Carrot Pickaxe (ID: carrot_pickaxe, Weight: 25.0) from Carrot Crate (ID: crate_preview)
[22/06/2024 17:53:13] Inyofacelinux won Carrot Pickaxe (ID: carrot_pickaxe, Weight: 25.0) from Carrot Crate (ID: crate_preview)
[22/06/2024 17:53:13] Inyofacelinux won Carrot Shield (ID: carrot_shield, Weight: 25.0) from Carrot Crate (ID: crate_preview)
[22/06/2024 17:53:35] Inyofacelinux won Carrot Shovel (ID: carrot_shovel, Weight: 25.0) from Carrot Crate (ID: crate_preview)
[22/06/2024 17:53:56] Inyofacelinux won Carrot Pickaxe (ID: carrot_pickaxe, Weight: 25.0) from Carrot Crate (ID: crate_preview)
[22/06/2024 17:53:56] Inyofacelinux won Carrot Axe (ID: carrot_axe, Weight: 25.0) from Carrot Crate (ID: crate_preview)
[22/06/2024 17:53:57] Inyofacelinux won Carrot Axe (ID: carrot_axe, Weight: 25.0) from Carrot Crate (ID: crate_preview)
[22/06/2024 17:53:57] Inyofacelinux won Carrot Shovel (ID: carrot_shovel, Weight: 25.0) from Carrot Crate (ID: crate_preview)
[22/06/2024 17:53:57] Inyofacelinux won Magical Grass Block (ID: inf_grass, Weight: 25.0) from Carrot Crate (ID: crate_preview)
[22/06/2024 17:53:57] Inyofacelinux won Carrot Axe (ID: carrot_axe, Weight: 25.0) from Carrot Crate (ID: crate_preview)
[22/06/2024 17:53:57] Inyofacelinux won Carrot Sword (ID: carrot_sword, Weight: 25.0) from Carrot Crate (ID: crate_preview)
[22/06/2024 17:53:58] Inyofacelinux won Carrot Shield (ID: carrot_shield, Weight: 25.0) from Carrot Crate (ID: crate_preview)
[22/06/2024 17:53:58] Inyofacelinux won Carrot Shovel (ID: carrot_shovel, Weight: 25.0) from Carrot Crate (ID: crate_preview)
[22/06/2024 17:53:58] Inyofacelinux won Carrot Axe (ID: carrot_axe, Weight: 25.0) from Carrot Crate (ID: crate_preview)
[22/06/2024 17:53:58] Inyofacelinux won Carrot Axe (ID: carrot_axe, Weight: 25.0) from Carrot Crate (ID: crate_preview)
[22/06/2024 17:53:58] Inyofacelinux won Magical Grass Block (ID: inf_grass, Weight: 25.0) from Carrot Crate (ID: crate_preview)
[22/06/2024 17:53:59] Inyofacelinux won Carrot Sword (ID: carrot_sword, Weight: 25.0) from Carrot Crate (ID: crate_preview)
[22/06/2024 17:53:59] Inyofacelinux won Carrot Shovel (ID: carrot_shovel, Weight: 25.0) from Carrot Crate (ID: crate_preview)
[22/06/2024 17:53:59] Inyofacelinux won Carrot Sword (ID: carrot_sword, Weight: 25.0) from Carrot Crate (ID: crate_preview)
[22/06/2024 17:53:59] Inyofacelinux won Carrot Shield (ID: carrot_shield, Weight: 25.0) from Carrot Crate (ID: crate_preview)
[22/06/2024 17:53:59] Inyofacelinux won Carrot Shield (ID: carrot_shield, Weight: 25.0) from Carrot Crate (ID: crate_preview)
[22/06/2024 17:54:00] Inyofacelinux won Carrot Shield (ID: carrot_shield, Weight: 25.0) from Carrot Crate (ID: crate_preview)
[22/06/2024 17:54:00] Inyofacelinux won Carrot Pickaxe (ID: carrot_pickaxe, Weight: 25.0) from Carrot Crate (ID: crate_preview)
[22/06/2024 17:54:00] Inyofacelinux won Carrot Sword (ID: carrot_sword_sat, Weight: 25.0) from Carrot Crate (ID: crate_preview)
[22/06/2024 17:54:00] Inyofacelinux won Carrot Sword (ID: carrot_sword, Weight: 25.0) from Carrot Crate (ID: crate_preview)
[22/06/2024 17:54:00] Inyofacelinux won Carrot Sword (ID: carrot_sword_sat, Weight: 25.0) from Carrot Crate (ID: crate_preview)
[22/06/2024 17:54:01] Inyofacelinux won Carrot Shield (ID: carrot_shield, Weight: 25.0) from Carrot Crate (ID: crate_preview)
[22/06/2024 17:54:01] Inyofacelinux won Carrot Shield (ID: carrot_shield, Weight: 25.0) from Carrot Crate (ID: crate_preview)
[22/06/2024 17:54:01] Inyofacelinux won Carrot Sword (ID: carrot_sword, Weight: 25.0) from Carrot Crate (ID: crate_preview)
[22/06/2024 17:54:01] Inyofacelinux won Carrot Axe (ID: carrot_axe, Weight: 25.0) from Carrot Crate (ID: crate_preview)
[22/06/2024 17:54:01] Inyofacelinux won Carrot Axe (ID: carrot_axe, Weight: 25.0) from Carrot Crate (ID: crate_preview)
[22/06/2024 17:54:02] Inyofacelinux won Carrot Axe (ID: carrot_axe, Weight: 25.0) from Carrot Crate (ID: crate_preview)
[22/06/2024 17:54:02] Inyofacelinux won Carrot Pickaxe (ID: carrot_pickaxe, Weight: 25.0) from Carrot Crate (ID: crate_preview)
[22/06/2024 17:54:02] Inyofacelinux won Carrot Pickaxe (ID: carrot_pickaxe, Weight: 25.0) from Carrot Crate (ID: crate_preview)
[22/06/2024 17:54:02] Inyofacelinux won Carrot Sword (ID: carrot_sword, Weight: 25.0) from Carrot Crate (ID: crate_preview)
[22/06/2024 17:54:02] Inyofacelinux won Carrot Pickaxe (ID: carrot_pickaxe, Weight: 25.0) from Carrot Crate (ID: crate_preview)
[22/06/2024 17:54:25] HeyItzSock won Carrot Shield (ID: carrot_shield, Weight: 25.0) from Carrot Crate (ID: crate_preview)
[22/06/2024 17:55:09] _lil_K won Magical Grass Block (ID: inf_grass, Weight: 25.0) from Carrot Crate (ID: crate_preview)
[22/06/2024 17:55:11] _lil_K won Carrot Axe (ID: carrot_axe, Weight: 25.0) from Carrot Crate (ID: crate_preview)
[22/06/2024 17:55:13] _lil_K won Carrot Shield (ID: carrot_shield, Weight: 25.0) from Carrot Crate (ID: crate_preview)
[22/06/2024 17:55:13] _lil_K won Carrot Sword (ID: carrot_sword_sat, Weight: 25.0) from Carrot Crate (ID: crate_preview)
[22/06/2024 17:55:14] _lil_K won Carrot Pickaxe (ID: carrot_pickaxe, Weight: 25.0) from Carrot Crate (ID: crate_preview)
[22/06/2024 17:55:14] _lil_K won Carrot Shovel (ID: carrot_shovel, Weight: 25.0) from Carrot Crate (ID: crate_preview)
[22/06/2024 17:55:14] _lil_K won Carrot Pickaxe (ID: carrot_pickaxe, Weight: 25.0) from Carrot Crate (ID: crate_preview)
[22/06/2024 17:55:15] _lil_K won Magical Grass Block (ID: inf_grass, Weight: 25.0) from Carrot Crate (ID: crate_preview)
[22/06/2024 17:55:15] _lil_K won Carrot Sword (ID: carrot_sword, Weight: 25.0) from Carrot Crate (ID: crate_preview)
[22/06/2024 17:55:15] _lil_K won Carrot Pickaxe (ID: carrot_pickaxe, Weight: 25.0) from Carrot Crate (ID: crate_preview)
[22/06/2024 17:55:15] _lil_K won Carrot Sword (ID: carrot_sword_sat, Weight: 25.0) from Carrot Crate (ID: crate_preview)
[22/06/2024 17:55:15] _lil_K won Carrot Sword (ID: carrot_sword, Weight: 25.0) from Carrot Crate (ID: crate_preview)
[22/06/2024 17:55:16] _lil_K won Carrot Shovel (ID: carrot_shovel, Weight: 25.0) from Carrot Crate (ID: crate_preview)
[22/06/2024 17:55:16] _lil_K won Carrot Shield (ID: carrot_shield, Weight: 25.0) from Carrot Crate (ID: crate_preview)
[22/06/2024 17:55:16] _lil_K won Carrot Shield (ID: carrot_shield, Weight: 25.0) from Carrot Crate (ID: crate_preview)
[22/06/2024 17:55:16] _lil_K won Carrot Shovel (ID: carrot_shovel, Weight: 25.0) from Carrot Crate (ID: crate_preview)
[22/06/2024 17:55:16] _lil_K won Carrot Axe (ID: carrot_axe, Weight: 25.0) from Carrot Crate (ID: crate_preview)
[22/06/2024 17:55:17] _lil_K won Magical Grass Block (ID: inf_grass, Weight: 25.0) from Carrot Crate (ID: crate_preview)
[22/06/2024 17:55:17] _lil_K won Carrot Sword (ID: carrot_sword, Weight: 25.0) from Carrot Crate (ID: crate_preview)
[22/06/2024 17:55:17] _lil_K won Carrot Axe (ID: carrot_axe, Weight: 25.0) from Carrot Crate (ID: crate_preview)
[22/06/2024 17:55:17] _lil_K won Carrot Sword (ID: carrot_sword, Weight: 25.0) from Carrot Crate (ID: crate_preview)
[22/06/2024 17:55:17] _lil_K won Carrot Sword (ID: carrot_sword, Weight: 25.0) from Carrot Crate (ID: crate_preview)
[22/06/2024 17:55:18] _lil_K won Magical Grass Block (ID: inf_grass, Weight: 25.0) from Carrot Crate (ID: crate_preview)
[22/06/2024 17:55:18] _lil_K won Carrot Shovel (ID: carrot_shovel, Weight: 25.0) from Carrot Crate (ID: crate_preview)
[22/06/2024 17:55:18] _lil_K won Carrot Sword (ID: carrot_sword, Weight: 25.0) from Carrot Crate (ID: crate_preview)
[22/06/2024 17:55:18] _lil_K won Carrot Sword (ID: carrot_sword_sat, Weight: 25.0) from Carrot Crate (ID: crate_preview)
[22/06/2024 17:55:18] _lil_K won Carrot Sword (ID: carrot_sword_sat, Weight: 25.0) from Carrot Crate (ID: crate_preview)
[22/06/2024 17:55:19] _lil_K won Carrot Axe (ID: carrot_axe, Weight: 25.0) from Carrot Crate (ID: crate_preview)
[22/06/2024 17:55:19] _lil_K won Carrot Shovel (ID: carrot_shovel, Weight: 25.0) from Carrot Crate (ID: crate_preview)
[22/06/2024 17:55:19] _lil_K won Carrot Shield (ID: carrot_shield, Weight: 25.0) from Carrot Crate (ID: crate_preview)
[22/06/2024 17:55:19] _lil_K won Magical Grass Block (ID: inf_grass, Weight: 25.0) from Carrot Crate (ID: crate_preview)
[22/06/2024 17:55:19] _lil_K won Carrot Axe (ID: carrot_axe, Weight: 25.0) from Carrot Crate (ID: crate_preview)
[22/06/2024 17:55:20] _lil_K won Carrot Shield (ID: carrot_shield, Weight: 25.0) from Carrot Crate (ID: crate_preview)
[22/06/2024 17:55:20] _lil_K won Magical Grass Block (ID: inf_grass, Weight: 25.0) from Carrot Crate (ID: crate_preview)
[22/06/2024 17:55:20] _lil_K won Carrot Shovel (ID: carrot_shovel, Weight: 25.0) from Carrot Crate (ID: crate_preview)
[22/06/2024 17:55:20] _lil_K won Carrot Axe (ID: carrot_axe, Weight: 25.0) from Carrot Crate (ID: crate_preview)
[22/06/2024 17:55:21] _lil_K won Carrot Sword (ID: carrot_sword, Weight: 25.0) from Carrot Crate (ID: crate_preview)
[22/06/2024 17:55:21] _lil_K won Carrot Shovel (ID: carrot_shovel, Weight: 25.0) from Carrot Crate (ID: crate_preview)
[22/06/2024 17:55:21] _lil_K won Carrot Shield (ID: carrot_shield, Weight: 25.0) from Carrot Crate (ID: crate_preview)
[22/06/2024 17:55:21] _lil_K won Carrot Sword (ID: carrot_sword_sat, Weight: 25.0) from Carrot Crate (ID: crate_preview)
[22/06/2024 17:56:48] Inyofacelinux won Carrot Pickaxe (ID: carrot_pickaxe, Weight: 25.0) from Carrot Crate (ID: crate_preview)
[22/06/2024 17:56:48] Inyofacelinux won Carrot Shield (ID: carrot_shield, Weight: 25.0) from Carrot Crate (ID: crate_preview)
[22/06/2024 17:56:49] Inyofacelinux won Carrot Shovel (ID: carrot_shovel, Weight: 25.0) from Carrot Crate (ID: crate_preview)
[22/06/2024 17:56:49] Inyofacelinux won Magical Grass Block (ID: inf_grass, Weight: 25.0) from Carrot Crate (ID: crate_preview)
[22/06/2024 17:56:49] Inyofacelinux won Carrot Sword (ID: carrot_sword_sat, Weight: 25.0) from Carrot Crate (ID: crate_preview)
[22/06/2024 17:56:50] Inyofacelinux won Carrot Pickaxe (ID: carrot_pickaxe, Weight: 25.0) from Carrot Crate (ID: crate_preview)
[22/06/2024 17:56:50] Inyofacelinux won Carrot Pickaxe (ID: carrot_pickaxe, Weight: 25.0) from Carrot Crate (ID: crate_preview)
[22/06/2024 17:56:50] Inyofacelinux won Carrot Pickaxe (ID: carrot_pickaxe, Weight: 25.0) from Carrot Crate (ID: crate_preview)
[22/06/2024 17:56:50] Inyofacelinux won Carrot Shield (ID: carrot_shield, Weight: 25.0) from Carrot Crate (ID: crate_preview)
[22/06/2024 17:56:50] Inyofacelinux won Carrot Sword (ID: carrot_sword, Weight: 25.0) from Carrot Crate (ID: crate_preview)
[22/06/2024 17:56:51] Inyofacelinux won Carrot Pickaxe (ID: carrot_pickaxe, Weight: 25.0) from Carrot Crate (ID: crate_preview)
[22/06/2024 17:56:51] Inyofacelinux won Carrot Pickaxe (ID: carrot_pickaxe, Weight: 25.0) from Carrot Crate (ID: crate_preview)
[22/06/2024 17:56:51] _lil_K won Carrot Pickaxe (ID: carrot_pickaxe, Weight: 25.0) from Carrot Crate (ID: crate_preview)
[22/06/2024 17:56:51] Inyofacelinux won Carrot Axe (ID: carrot_axe, Weight: 25.0) from Carrot Crate (ID: crate_preview)
[22/06/2024 17:56:51] _lil_K won Carrot Shovel (ID: carrot_shovel, Weight: 25.0) from Carrot Crate (ID: crate_preview)
[22/06/2024 17:56:51] Inyofacelinux won Carrot Axe (ID: carrot_axe, Weight: 25.0) from Carrot Crate (ID: crate_preview)
[22/06/2024 17:56:51] _lil_K won Carrot Sword (ID: carrot_sword_sat, Weight: 25.0) from Carrot Crate (ID: crate_preview)
[22/06/2024 17:56:51] Inyofacelinux won Magical Grass Block (ID: inf_grass, Weight: 25.0) from Carrot Crate (ID: crate_preview)
[22/06/2024 17:56:51] _lil_K won Carrot Axe (ID: carrot_axe, Weight: 25.0) from Carrot Crate (ID: crate_preview)
[22/06/2024 17:56:51] _lil_K won Carrot Shovel (ID: carrot_shovel, Weight: 25.0) from Carrot Crate (ID: crate_preview)
[22/06/2024 17:56:52] Inyofacelinux won Carrot Axe (ID: carrot_axe, Weight: 25.0) from Carrot Crate (ID: crate_preview)
[22/06/2024 17:56:52] Inyofacelinux won Carrot Axe (ID: carrot_axe, Weight: 25.0) from Carrot Crate (ID: crate_preview)
[22/06/2024 17:56:52] _lil_K won Carrot Shovel (ID: carrot_shovel, Weight: 25.0) from Carrot Crate (ID: crate_preview)
[22/06/2024 17:56:52] Inyofacelinux won Carrot Shield (ID: carrot_shield, Weight: 25.0) from Carrot Crate (ID: crate_preview)
[22/06/2024 17:56:52] _lil_K won Carrot Sword (ID: carrot_sword, Weight: 25.0) from Carrot Crate (ID: crate_preview)
[22/06/2024 17:56:52] Inyofacelinux won Magical Grass Block (ID: inf_grass, Weight: 25.0) from Carrot Crate (ID: crate_preview)
[22/06/2024 17:56:52] Inyofacelinux won Carrot Shield (ID: carrot_shield, Weight: 25.0) from Carrot Crate (ID: crate_preview)
[22/06/2024 17:56:53] Inyofacelinux won Carrot Sword (ID: carrot_sword, Weight: 25.0) from Carrot Crate (ID: crate_preview)
[22/06/2024 17:56:53] Inyofacelinux won Carrot Pickaxe (ID: carrot_pickaxe, Weight: 25.0) from Carrot Crate (ID: crate_preview)
[22/06/2024 17:56:53] Inyofacelinux won Carrot Pickaxe (ID: carrot_pickaxe, Weight: 25.0) from Carrot Crate (ID: crate_preview)
[22/06/2024 17:56:53] Inyofacelinux won Carrot Shield (ID: carrot_shield, Weight: 25.0) from Carrot Crate (ID: crate_preview)
[22/06/2024 17:56:53] Inyofacelinux won Carrot Sword (ID: carrot_sword, Weight: 25.0) from Carrot Crate (ID: crate_preview)
[22/06/2024 17:56:54] Inyofacelinux won Carrot Sword (ID: carrot_sword, Weight: 25.0) from Carrot Crate (ID: crate_preview)
[22/06/2024 17:56:54] Inyofacelinux won Carrot Shield (ID: carrot_shield, Weight: 25.0) from Carrot Crate (ID: crate_preview)
[22/06/2024 17:56:54] Inyofacelinux won Carrot Shield (ID: carrot_shield, Weight: 25.0) from Carrot Crate (ID: crate_preview)
[22/06/2024 17:56:55] Inyofacelinux won Magical Grass Block (ID: inf_grass, Weight: 25.0) from Carrot Crate (ID: crate_preview)
[22/06/2024 17:56:55] Inyofacelinux won Carrot Sword (ID: carrot_sword_sat, Weight: 25.0) from Carrot Crate (ID: crate_preview)
[22/06/2024 17:56:55] Inyofacelinux won Magical Grass Block (ID: inf_grass, Weight: 25.0) from Carrot Crate (ID: crate_preview)
[22/06/2024 17:56:55] Inyofacelinux won Carrot Sword (ID: carrot_sword, Weight: 25.0) from Carrot Crate (ID: crate_preview)
[22/06/2024 17:56:55] Inyofacelinux won Carrot Sword (ID: carrot_sword, Weight: 25.0) from Carrot Crate (ID: crate_preview)
[22/06/2024 17:56:55] Inyofacelinux won Carrot Pickaxe (ID: carrot_pickaxe, Weight: 25.0) from Carrot Crate (ID: crate_preview)
[22/06/2024 17:57:24] _lil_K won Carrot Axe (ID: carrot_axe, Weight: 25.0) from Carrot Crate (ID: crate_preview)
[22/06/2024 17:57:24] _lil_K won Carrot Axe (ID: carrot_axe, Weight: 25.0) from Carrot Crate (ID: crate_preview)
[22/06/2024 17:57:24] _lil_K won Magical Grass Block (ID: inf_grass, Weight: 25.0) from Carrot Crate (ID: crate_preview)
[22/06/2024 17:57:25] _lil_K won Magical Grass Block (ID: inf_grass, Weight: 25.0) from Carrot Crate (ID: crate_preview)
[22/06/2024 17:57:25] _lil_K won Carrot Shield (ID: carrot_shield, Weight: 25.0) from Carrot Crate (ID: crate_preview)
[22/06/2024 17:57:25] _lil_K won Carrot Axe (ID: carrot_axe, Weight: 25.0) from Carrot Crate (ID: crate_preview)
[22/06/2024 17:57:25] _lil_K won Carrot Axe (ID: carrot_axe, Weight: 25.0) from Carrot Crate (ID: crate_preview)
[22/06/2024 17:57:25] _lil_K won Carrot Pickaxe (ID: carrot_pickaxe, Weight: 25.0) from Carrot Crate (ID: crate_preview)
[22/06/2024 17:57:26] _lil_K won Carrot Sword (ID: carrot_sword, Weight: 25.0) from Carrot Crate (ID: crate_preview)
[22/06/2024 17:57:26] _lil_K won Magical Grass Block (ID: inf_grass, Weight: 25.0) from Carrot Crate (ID: crate_preview)
[22/06/2024 17:57:26] _lil_K won Carrot Shield (ID: carrot_shield, Weight: 25.0) from Carrot Crate (ID: crate_preview)
[22/06/2024 17:57:26] _lil_K won Carrot Shield (ID: carrot_shield, Weight: 25.0) from Carrot Crate (ID: crate_preview)
[22/06/2024 17:57:26] _lil_K won Carrot Shovel (ID: carrot_shovel, Weight: 25.0) from Carrot Crate (ID: crate_preview)
[22/06/2024 17:57:27] _lil_K won Carrot Shield (ID: carrot_shield, Weight: 25.0) from Carrot Crate (ID: crate_preview)
[22/06/2024 17:57:27] _lil_K won Magical Grass Block (ID: inf_grass, Weight: 25.0) from Carrot Crate (ID: crate_preview)
[22/06/2024 17:57:27] _lil_K won Carrot Pickaxe (ID: carrot_pickaxe, Weight: 25.0) from Carrot Crate (ID: crate_preview)
[22/06/2024 17:57:27] _lil_K won Magical Grass Block (ID: inf_grass, Weight: 25.0) from Carrot Crate (ID: crate_preview)
[22/06/2024 17:57:27] _lil_K won Carrot Shield (ID: carrot_shield, Weight: 25.0) from Carrot Crate (ID: crate_preview)
[22/06/2024 17:57:28] _lil_K won Carrot Axe (ID: carrot_axe, Weight: 25.0) from Carrot Crate (ID: crate_preview)
[22/06/2024 17:57:28] _lil_K won Carrot Pickaxe (ID: carrot_pickaxe, Weight: 25.0) from Carrot Crate (ID: crate_preview)
[22/06/2024 17:57:28] _lil_K won Carrot Axe (ID: carrot_axe, Weight: 25.0) from Carrot Crate (ID: crate_preview)
[22/06/2024 17:57:28] _lil_K won Carrot Sword (ID: carrot_sword_sat, Weight: 25.0) from Carrot Crate (ID: crate_preview)
[22/06/2024 17:57:28] _lil_K won Magical Grass Block (ID: inf_grass, Weight: 25.0) from Carrot Crate (ID: crate_preview)
[22/06/2024 17:57:29] _lil_K won Carrot Sword (ID: carrot_sword, Weight: 25.0) from Carrot Crate (ID: crate_preview)
[22/06/2024 17:57:29] _lil_K won Carrot Pickaxe (ID: carrot_pickaxe, Weight: 25.0) from Carrot Crate (ID: crate_preview)
[22/06/2024 17:57:29] _lil_K won Magical Grass Block (ID: inf_grass, Weight: 25.0) from Carrot Crate (ID: crate_preview)
[22/06/2024 17:57:29] _lil_K won Magical Grass Block (ID: inf_grass, Weight: 25.0) from Carrot Crate (ID: crate_preview)
[22/06/2024 17:57:29] _lil_K won Carrot Axe (ID: carrot_axe, Weight: 25.0) from Carrot Crate (ID: crate_preview)
[22/06/2024 17:57:30] _lil_K won Carrot Pickaxe (ID: carrot_pickaxe, Weight: 25.0) from Carrot Crate (ID: crate_preview)
[22/06/2024 17:57:30] _lil_K won Carrot Pickaxe (ID: carrot_pickaxe, Weight: 25.0) from Carrot Crate (ID: crate_preview)
[22/06/2024 17:57:30] _lil_K won Carrot Shield (ID: carrot_shield, Weight: 25.0) from Carrot Crate (ID: crate_preview)
[22/06/2024 17:57:30] _lil_K won Carrot Sword (ID: carrot_sword_sat, Weight: 25.0) from Carrot Crate (ID: crate_preview)
[22/06/2024 17:57:31] _lil_K won Carrot Pickaxe (ID: carrot_pickaxe, Weight: 25.0) from Carrot Crate (ID: crate_preview)
[22/06/2024 17:57:31] _lil_K won Magical Grass Block (ID: inf_grass, Weight: 25.0) from Carrot Crate (ID: crate_preview)
[22/06/2024 17:57:31] _lil_K won Carrot Sword (ID: carrot_sword_sat, Weight: 25.0) from Carrot Crate (ID: crate_preview)
[22/06/2024 17:57:49] _lil_K won Carrot Shield (ID: carrot_shield, Weight: 25.0) from Carrot Crate (ID: crate_preview)
[22/06/2024 17:57:49] _lil_K won Carrot Shield (ID: carrot_shield, Weight: 25.0) from Carrot Crate (ID: crate_preview)
[22/06/2024 17:57:49] _lil_K won Carrot Shield (ID: carrot_shield, Weight: 25.0) from Carrot Crate (ID: crate_preview)
[22/06/2024 17:57:49] _lil_K won Carrot Shield (ID: carrot_shield, Weight: 25.0) from Carrot Crate (ID: crate_preview)
[22/06/2024 17:57:50] _lil_K won Carrot Sword (ID: carrot_sword_sat, Weight: 25.0) from Carrot Crate (ID: crate_preview)
[22/06/2024 17:57:50] _lil_K won Carrot Shovel (ID: carrot_shovel, Weight: 25.0) from Carrot Crate (ID: crate_preview)
[22/06/2024 17:58:00] Inyofacelinux won Carrot Sword (ID: carrot_sword, Weight: 25.0) from Carrot Crate (ID: crate_preview)
[22/06/2024 17:58:00] Inyofacelinux won Carrot Shovel (ID: carrot_shovel, Weight: 25.0) from Carrot Crate (ID: crate_preview)
[22/06/2024 17:58:00] Inyofacelinux won Carrot Pickaxe (ID: carrot_pickaxe, Weight: 25.0) from Carrot Crate (ID: crate_preview)
[22/06/2024 17:58:00] Inyofacelinux won Carrot Axe (ID: carrot_axe, Weight: 25.0) from Carrot Crate (ID: crate_preview)
[22/06/2024 17:58:01] Inyofacelinux won Carrot Shield (ID: carrot_shield, Weight: 25.0) from Carrot Crate (ID: crate_preview)
[22/06/2024 17:58:01] Inyofacelinux won Carrot Axe (ID: carrot_axe, Weight: 25.0) from Carrot Crate (ID: crate_preview)
[22/06/2024 17:58:01] Inyofacelinux won Carrot Sword (ID: carrot_sword, Weight: 25.0) from Carrot Crate (ID: crate_preview)
[22/06/2024 17:58:01] Inyofacelinux won Carrot Sword (ID: carrot_sword, Weight: 25.0) from Carrot Crate (ID: crate_preview)
[22/06/2024 17:58:01] Inyofacelinux won Carrot Pickaxe (ID: carrot_pickaxe, Weight: 25.0) from Carrot Crate (ID: crate_preview)
[22/06/2024 17:58:02] Inyofacelinux won Carrot Pickaxe (ID: carrot_pickaxe, Weight: 25.0) from Carrot Crate (ID: crate_preview)
[22/06/2024 17:58:02] Inyofacelinux won Carrot Pickaxe (ID: carrot_pickaxe, Weight: 25.0) from Carrot Crate (ID: crate_preview)
[22/06/2024 17:58:02] Inyofacelinux won Carrot Sword (ID: carrot_sword_sat, Weight: 25.0) from Carrot Crate (ID: crate_preview)
[22/06/2024 17:58:02] Inyofacelinux won Carrot Shield (ID: carrot_shield, Weight: 25.0) from Carrot Crate (ID: crate_preview)
[22/06/2024 17:58:02] Inyofacelinux won Carrot Sword (ID: carrot_sword_sat, Weight: 25.0) from Carrot Crate (ID: crate_preview)
[22/06/2024 17:58:03] Inyofacelinux won Carrot Sword (ID: carrot_sword_sat, Weight: 25.0) from Carrot Crate (ID: crate_preview)
[22/06/2024 17:58:03] Inyofacelinux won Magical Grass Block (ID: inf_grass, Weight: 25.0) from Carrot Crate (ID: crate_preview)
[22/06/2024 17:58:03] Inyofacelinux won Magical Grass Block (ID: inf_grass, Weight: 25.0) from Carrot Crate (ID: crate_preview)
[22/06/2024 17:58:03] Inyofacelinux won Carrot Shovel (ID: carrot_shovel, Weight: 25.0) from Carrot Crate (ID: crate_preview)
[22/06/2024 17:58:03] Inyofacelinux won Carrot Axe (ID: carrot_axe, Weight: 25.0) from Carrot Crate (ID: crate_preview)
[22/06/2024 17:58:04] Inyofacelinux won Carrot Axe (ID: carrot_axe, Weight: 25.0) from Carrot Crate (ID: crate_preview)
[22/06/2024 17:58:04] Inyofacelinux won Carrot Shovel (ID: carrot_shovel, Weight: 25.0) from Carrot Crate (ID: crate_preview)
[22/06/2024 17:58:04] Inyofacelinux won Magical Grass Block (ID: inf_grass, Weight: 25.0) from Carrot Crate (ID: crate_preview)
[22/06/2024 17:58:04] Inyofacelinux won Carrot Sword (ID: carrot_sword, Weight: 25.0) from Carrot Crate (ID: crate_preview)
[22/06/2024 17:58:05] Inyofacelinux won Magical Grass Block (ID: inf_grass, Weight: 25.0) from Carrot Crate (ID: crate_preview)
[22/06/2024 17:58:06] Inyofacelinux won Carrot Sword (ID: carrot_sword, Weight: 25.0) from Carrot Crate (ID: crate_preview)
[22/06/2024 17:58:06] Inyofacelinux won Carrot Sword (ID: carrot_sword, Weight: 25.0) from Carrot Crate (ID: crate_preview)
[22/06/2024 17:58:06] Inyofacelinux won Carrot Sword (ID: carrot_sword, Weight: 25.0) from Carrot Crate (ID: crate_preview)
[22/06/2024 17:58:06] Inyofacelinux won Carrot Sword (ID: carrot_sword, Weight: 25.0) from Carrot Crate (ID: crate_preview)
[22/06/2024 17:58:06] Inyofacelinux won Carrot Shield (ID: carrot_shield, Weight: 25.0) from Carrot Crate (ID: crate_preview)
[22/06/2024 17:58:06] Inyofacelinux won Carrot Sword (ID: carrot_sword, Weight: 25.0) from Carrot Crate (ID: crate_preview)
[22/06/2024 17:58:07] Inyofacelinux won Carrot Axe (ID: carrot_axe, Weight: 25.0) from Carrot Crate (ID: crate_preview)
[22/06/2024 17:58:07] Inyofacelinux won Carrot Shovel (ID: carrot_shovel, Weight: 25.0) from Carrot Crate (ID: crate_preview)
[22/06/2024 17:58:07] Inyofacelinux won Carrot Axe (ID: carrot_axe, Weight: 25.0) from Carrot Crate (ID: crate_preview)
[22/06/2024 17:58:07] Inyofacelinux won Carrot Shield (ID: carrot_shield, Weight: 25.0) from Carrot Crate (ID: crate_preview)
[22/06/2024 17:58:14] Inyofacelinux won Carrot Pickaxe (ID: carrot_pickaxe, Weight: 25.0) from Carrot Crate (ID: crate_preview)
[22/06/2024 17:58:15] Inyofacelinux won Carrot Sword (ID: carrot_sword_sat, Weight: 25.0) from Carrot Crate (ID: crate_preview)
[22/06/2024 17:58:15] Inyofacelinux won Carrot Shield (ID: carrot_shield, Weight: 25.0) from Carrot Crate (ID: crate_preview)
[22/06/2024 17:58:15] Inyofacelinux won Carrot Shield (ID: carrot_shield, Weight: 25.0) from Carrot Crate (ID: crate_preview)
[22/06/2024 17:58:15] Inyofacelinux won Carrot Sword (ID: carrot_sword_sat, Weight: 25.0) from Carrot Crate (ID: crate_preview)
[22/06/2024 17:58:15] Inyofacelinux won Carrot Axe (ID: carrot_axe, Weight: 25.0) from Carrot Crate (ID: crate_preview)
[22/06/2024 17:58:15] Inyofacelinux won Carrot Shovel (ID: carrot_shovel, Weight: 25.0) from Carrot Crate (ID: crate_preview)
[22/06/2024 17:58:17] _lil_K won Magical Grass Block (ID: inf_grass, Weight: 25.0) from Carrot Crate (ID: crate_preview)
[22/06/2024 17:58:17] _lil_K won Carrot Sword (ID: carrot_sword, Weight: 25.0) from Carrot Crate (ID: crate_preview)
[22/06/2024 17:58:17] _lil_K won Magical Grass Block (ID: inf_grass, Weight: 25.0) from Carrot Crate (ID: crate_preview)
[22/06/2024 17:58:17] _lil_K won Carrot Axe (ID: carrot_axe, Weight: 25.0) from Carrot Crate (ID: crate_preview)
[22/06/2024 17:58:17] _lil_K won Carrot Sword (ID: carrot_sword, Weight: 25.0) from Carrot Crate (ID: crate_preview)
[22/06/2024 17:58:17] Inyofacelinux won Carrot Pickaxe (ID: carrot_pickaxe, Weight: 25.0) from Carrot Crate (ID: crate_preview)
[22/06/2024 17:58:18] Inyofacelinux won Carrot Pickaxe (ID: carrot_pickaxe, Weight: 25.0) from Carrot Crate (ID: crate_preview)
[22/06/2024 17:58:18] _lil_K won Carrot Shield (ID: carrot_shield, Weight: 25.0) from Carrot Crate (ID: crate_preview)
[22/06/2024 17:58:18] Inyofacelinux won Carrot Axe (ID: carrot_axe, Weight: 25.0) from Carrot Crate (ID: crate_preview)
[22/06/2024 17:58:18] _lil_K won Carrot Sword (ID: carrot_sword, Weight: 25.0) from Carrot Crate (ID: crate_preview)
[22/06/2024 17:58:18] Inyofacelinux won Carrot Shield (ID: carrot_shield, Weight: 25.0) from Carrot Crate (ID: crate_preview)
[22/06/2024 17:58:18] _lil_K won Carrot Sword (ID: carrot_sword, Weight: 25.0) from Carrot Crate (ID: crate_preview)
[22/06/2024 17:58:18] _lil_K won Carrot Sword (ID: carrot_sword, Weight: 25.0) from Carrot Crate (ID: crate_preview)
[22/06/2024 17:58:18] Inyofacelinux won Magical Grass Block (ID: inf_grass, Weight: 25.0) from Carrot Crate (ID: crate_preview)
[22/06/2024 17:58:18] _lil_K won Carrot Sword (ID: carrot_sword, Weight: 25.0) from Carrot Crate (ID: crate_preview)
[22/06/2024 17:58:18] Inyofacelinux won Carrot Axe (ID: carrot_axe, Weight: 25.0) from Carrot Crate (ID: crate_preview)
[22/06/2024 17:58:19] _lil_K won Carrot Axe (ID: carrot_axe, Weight: 25.0) from Carrot Crate (ID: crate_preview)
[22/06/2024 17:58:19] Inyofacelinux won Carrot Shield (ID: carrot_shield, Weight: 25.0) from Carrot Crate (ID: crate_preview)
[22/06/2024 17:58:19] _lil_K won Magical Grass Block (ID: inf_grass, Weight: 25.0) from Carrot Crate (ID: crate_preview)
[22/06/2024 17:58:19] Inyofacelinux won Carrot Shovel (ID: carrot_shovel, Weight: 25.0) from Carrot Crate (ID: crate_preview)
[22/06/2024 17:58:19] _lil_K won Carrot Sword (ID: carrot_sword_sat, Weight: 25.0) from Carrot Crate (ID: crate_preview)
[22/06/2024 17:58:19] Inyofacelinux won Carrot Shield (ID: carrot_shield, Weight: 25.0) from Carrot Crate (ID: crate_preview)
[22/06/2024 17:58:19] _lil_K won Carrot Sword (ID: carrot_sword_sat, Weight: 25.0) from Carrot Crate (ID: crate_preview)
[22/06/2024 17:58:19] Inyofacelinux won Carrot Axe (ID: carrot_axe, Weight: 25.0) from Carrot Crate (ID: crate_preview)
[22/06/2024 17:58:19] _lil_K won Carrot Shovel (ID: carrot_shovel, Weight: 25.0) from Carrot Crate (ID: crate_preview)
[22/06/2024 17:58:19] Inyofacelinux won Carrot Axe (ID: carrot_axe, Weight: 25.0) from Carrot Crate (ID: crate_preview)
[22/06/2024 17:58:20] Inyofacelinux won Carrot Shield (ID: carrot_shield, Weight: 25.0) from Carrot Crate (ID: crate_preview)
[22/06/2024 17:58:20] _lil_K won Carrot Axe (ID: carrot_axe, Weight: 25.0) from Carrot Crate (ID: crate_preview)
[22/06/2024 17:58:20] _lil_K won Carrot Sword (ID: carrot_sword, Weight: 25.0) from Carrot Crate (ID: crate_preview)
[22/06/2024 17:58:20] Inyofacelinux won Carrot Shovel (ID: carrot_shovel, Weight: 25.0) from Carrot Crate (ID: crate_preview)
[22/06/2024 17:58:20] _lil_K won Carrot Shield (ID: carrot_shield, Weight: 25.0) from Carrot Crate (ID: crate_preview)
[22/06/2024 17:58:20] Inyofacelinux won Carrot Sword (ID: carrot_sword, Weight: 25.0) from Carrot Crate (ID: crate_preview)
[22/06/2024 17:58:20] _lil_K won Carrot Pickaxe (ID: carrot_pickaxe, Weight: 25.0) from Carrot Crate (ID: crate_preview)
[22/06/2024 17:58:20] _lil_K won Magical Grass Block (ID: inf_grass, Weight: 25.0) from Carrot Crate (ID: crate_preview)
[22/06/2024 17:58:21] _lil_K won Magical Grass Block (ID: inf_grass, Weight: 25.0) from Carrot Crate (ID: crate_preview)
[22/06/2024 17:58:21] _lil_K won Carrot Pickaxe (ID: carrot_pickaxe, Weight: 25.0) from Carrot Crate (ID: crate_preview)
[22/06/2024 17:58:21] _lil_K won Carrot Sword (ID: carrot_sword_sat, Weight: 25.0) from Carrot Crate (ID: crate_preview)
[22/06/2024 17:58:21] _lil_K won Carrot Shovel (ID: carrot_shovel, Weight: 25.0) from Carrot Crate (ID: crate_preview)
[22/06/2024 17:58:21] _lil_K won Carrot Sword (ID: carrot_sword, Weight: 25.0) from Carrot Crate (ID: crate_preview)
[22/06/2024 17:58:22] Inyofacelinux won Magical Grass Block (ID: inf_grass, Weight: 25.0) from Carrot Crate (ID: crate_preview)
[22/06/2024 17:58:22] Inyofacelinux won Carrot Sword (ID: carrot_sword, Weight: 25.0) from Carrot Crate (ID: crate_preview)
[22/06/2024 17:58:22] Inyofacelinux won Carrot Sword (ID: carrot_sword_sat, Weight: 25.0) from Carrot Crate (ID: crate_preview)
[22/06/2024 17:58:22] Inyofacelinux won Carrot Shield (ID: carrot_shield, Weight: 25.0) from Carrot Crate (ID: crate_preview)
[22/06/2024 17:58:22] Inyofacelinux won Carrot Sword (ID: carrot_sword, Weight: 25.0) from Carrot Crate (ID: crate_preview)
[22/06/2024 17:58:22] Inyofacelinux won Carrot Pickaxe (ID: carrot_pickaxe, Weight: 25.0) from Carrot Crate (ID: crate_preview)
[22/06/2024 17:58:22] Inyofacelinux won Carrot Pickaxe (ID: carrot_pickaxe, Weight: 25.0) from Carrot Crate (ID: crate_preview)
[22/06/2024 17:58:23] Inyofacelinux won Carrot Shovel (ID: carrot_shovel, Weight: 25.0) from Carrot Crate (ID: crate_preview)
[22/06/2024 17:58:23] Inyofacelinux won Carrot Shovel (ID: carrot_shovel, Weight: 25.0) from Carrot Crate (ID: crate_preview)
[22/06/2024 17:58:24] _lil_K won Carrot Axe (ID: carrot_axe, Weight: 25.0) from Carrot Crate (ID: crate_preview)
[22/06/2024 17:58:24] _lil_K won Magical Grass Block (ID: inf_grass, Weight: 25.0) from Carrot Crate (ID: crate_preview)
[22/06/2024 17:58:24] _lil_K won Carrot Shield (ID: carrot_shield, Weight: 25.0) from Carrot Crate (ID: crate_preview)
[22/06/2024 17:58:24] _lil_K won Magical Grass Block (ID: inf_grass, Weight: 25.0) from Carrot Crate (ID: crate_preview)
[22/06/2024 17:58:25] _lil_K won Carrot Shield (ID: carrot_shield, Weight: 25.0) from Carrot Crate (ID: crate_preview)
[22/06/2024 17:58:44] Inyofacelinux won Carrot Shovel (ID: carrot_shovel, Weight: 25.0) from Carrot Crate (ID: crate_preview)
[22/06/2024 17:58:44] Inyofacelinux won Carrot Shovel (ID: carrot_shovel, Weight: 25.0) from Carrot Crate (ID: crate_preview)
[22/06/2024 17:58:44] Inyofacelinux won Carrot Axe (ID: carrot_axe, Weight: 25.0) from Carrot Crate (ID: crate_preview)
[22/06/2024 17:58:44] Inyofacelinux won Carrot Pickaxe (ID: carrot_pickaxe, Weight: 25.0) from Carrot Crate (ID: crate_preview)
[22/06/2024 17:58:45] Inyofacelinux won Carrot Pickaxe (ID: carrot_pickaxe, Weight: 25.0) from Carrot Crate (ID: crate_preview)
[22/06/2024 17:58:51] _lil_K won Carrot Shovel (ID: carrot_shovel, Weight: 25.0) from Carrot Crate (ID: crate_preview)
[22/06/2024 17:58:51] _lil_K won Carrot Axe (ID: carrot_axe, Weight: 25.0) from Carrot Crate (ID: crate_preview)
[22/06/2024 17:58:52] _lil_K won Carrot Shovel (ID: carrot_shovel, Weight: 25.0) from Carrot Crate (ID: crate_preview)
[22/06/2024 17:58:52] _lil_K won Carrot Sword (ID: carrot_sword, Weight: 25.0) from Carrot Crate (ID: crate_preview)
[22/06/2024 17:58:52] _lil_K won Carrot Axe (ID: carrot_axe, Weight: 25.0) from Carrot Crate (ID: crate_preview)
[22/06/2024 17:58:52] _lil_K won Carrot Axe (ID: carrot_axe, Weight: 25.0) from Carrot Crate (ID: crate_preview)
[22/06/2024 17:58:52] _lil_K won Carrot Sword (ID: carrot_sword, Weight: 25.0) from Carrot Crate (ID: crate_preview)
[22/06/2024 17:58:53] _lil_K won Carrot Sword (ID: carrot_sword, Weight: 25.0) from Carrot Crate (ID: crate_preview)
[22/06/2024 17:58:53] _lil_K won Carrot Shovel (ID: carrot_shovel, Weight: 25.0) from Carrot Crate (ID: crate_preview)
[22/06/2024 17:58:53] _lil_K won Carrot Shovel (ID: carrot_shovel, Weight: 25.0) from Carrot Crate (ID: crate_preview)
[22/06/2024 17:58:53] _lil_K won Carrot Sword (ID: carrot_sword, Weight: 25.0) from Carrot Crate (ID: crate_preview)
[22/06/2024 17:58:53] _lil_K won Carrot Shield (ID: carrot_shield, Weight: 25.0) from Carrot Crate (ID: crate_preview)
[22/06/2024 17:58:54] _lil_K won Carrot Sword (ID: carrot_sword_sat, Weight: 25.0) from Carrot Crate (ID: crate_preview)
[22/06/2024 17:58:54] _lil_K won Carrot Shovel (ID: carrot_shovel, Weight: 25.0) from Carrot Crate (ID: crate_preview)
[22/06/2024 17:58:54] _lil_K won Carrot Sword (ID: carrot_sword_sat, Weight: 25.0) from Carrot Crate (ID: crate_preview)
[22/06/2024 17:58:54] _lil_K won Carrot Shield (ID: carrot_shield, Weight: 25.0) from Carrot Crate (ID: crate_preview)
[22/06/2024 17:58:55] _lil_K won Carrot Pickaxe (ID: carrot_pickaxe, Weight: 25.0) from Carrot Crate (ID: crate_preview)
[22/06/2024 17:58:55] _lil_K won Carrot Axe (ID: carrot_axe, Weight: 25.0) from Carrot Crate (ID: crate_preview)
[22/06/2024 17:58:55] _lil_K won Carrot Sword (ID: carrot_sword_sat, Weight: 25.0) from Carrot Crate (ID: crate_preview)
[22/06/2024 17:58:55] _lil_K won Carrot Shield (ID: carrot_shield, Weight: 25.0) from Carrot Crate (ID: crate_preview)
[22/06/2024 17:58:55] Inyofacelinux won Carrot Sword (ID: carrot_sword_sat, Weight: 25.0) from Carrot Crate (ID: crate_preview)
[22/06/2024 17:58:55] _lil_K won Magical Grass Block (ID: inf_grass, Weight: 25.0) from Carrot Crate (ID: crate_preview)
[22/06/2024 17:58:55] Inyofacelinux won Carrot Shield (ID: carrot_shield, Weight: 25.0) from Carrot Crate (ID: crate_preview)
[22/06/2024 17:58:56] _lil_K won Carrot Pickaxe (ID: carrot_pickaxe, Weight: 25.0) from Carrot Crate (ID: crate_preview)
[22/06/2024 17:58:56] Inyofacelinux won Carrot Shovel (ID: carrot_shovel, Weight: 25.0) from Carrot Crate (ID: crate_preview)
[22/06/2024 17:58:56] _lil_K won Carrot Shield (ID: carrot_shield, Weight: 25.0) from Carrot Crate (ID: crate_preview)
[22/06/2024 17:58:56] Inyofacelinux won Carrot Axe (ID: carrot_axe, Weight: 25.0) from Carrot Crate (ID: crate_preview)
[22/06/2024 17:58:56] _lil_K won Carrot Pickaxe (ID: carrot_pickaxe, Weight: 25.0) from Carrot Crate (ID: crate_preview)
[22/06/2024 17:58:56] Inyofacelinux won Carrot Axe (ID: carrot_axe, Weight: 25.0) from Carrot Crate (ID: crate_preview)
[22/06/2024 17:58:56] _lil_K won Carrot Sword (ID: carrot_sword, Weight: 25.0) from Carrot Crate (ID: crate_preview)
[22/06/2024 17:58:56] Inyofacelinux won Carrot Pickaxe (ID: carrot_pickaxe, Weight: 25.0) from Carrot Crate (ID: crate_preview)
[22/06/2024 17:58:56] _lil_K won Carrot Shovel (ID: carrot_shovel, Weight: 25.0) from Carrot Crate (ID: crate_preview)
[22/06/2024 17:58:56] Inyofacelinux won Carrot Shovel (ID: carrot_shovel, Weight: 25.0) from Carrot Crate (ID: crate_preview)
[22/06/2024 17:58:56] _lil_K won Carrot Pickaxe (ID: carrot_pickaxe, Weight: 25.0) from Carrot Crate (ID: crate_preview)
[22/06/2024 17:58:57] Inyofacelinux won Carrot Pickaxe (ID: carrot_pickaxe, Weight: 25.0) from Carrot Crate (ID: crate_preview)
[22/06/2024 17:58:57] _lil_K won Magical Grass Block (ID: inf_grass, Weight: 25.0) from Carrot Crate (ID: crate_preview)
[22/06/2024 17:58:57] Inyofacelinux won Carrot Shield (ID: carrot_shield, Weight: 25.0) from Carrot Crate (ID: crate_preview)
[22/06/2024 17:58:57] _lil_K won Carrot Pickaxe (ID: carrot_pickaxe, Weight: 25.0) from Carrot Crate (ID: crate_preview)
[22/06/2024 17:58:57] Inyofacelinux won Carrot Axe (ID: carrot_axe, Weight: 25.0) from Carrot Crate (ID: crate_preview)
[22/06/2024 17:58:57] _lil_K won Carrot Sword (ID: carrot_sword_sat, Weight: 25.0) from Carrot Crate (ID: crate_preview)
[22/06/2024 17:58:57] Inyofacelinux won Magical Grass Block (ID: inf_grass, Weight: 25.0) from Carrot Crate (ID: crate_preview)
[22/06/2024 17:58:57] Inyofacelinux won Carrot Pickaxe (ID: carrot_pickaxe, Weight: 25.0) from Carrot Crate (ID: crate_preview)
[22/06/2024 17:58:57] _lil_K won Carrot Shovel (ID: carrot_shovel, Weight: 25.0) from Carrot Crate (ID: crate_preview)
[22/06/2024 17:58:58] _lil_K won Carrot Axe (ID: carrot_axe, Weight: 25.0) from Carrot Crate (ID: crate_preview)
[22/06/2024 17:58:58] Inyofacelinux won Carrot Pickaxe (ID: carrot_pickaxe, Weight: 25.0) from Carrot Crate (ID: crate_preview)
[22/06/2024 17:58:58] _lil_K won Carrot Shield (ID: carrot_shield, Weight: 25.0) from Carrot Crate (ID: crate_preview)
[22/06/2024 17:58:58] Inyofacelinux won Magical Grass Block (ID: inf_grass, Weight: 25.0) from Carrot Crate (ID: crate_preview)
[22/06/2024 17:58:58] Inyofacelinux won Carrot Pickaxe (ID: carrot_pickaxe, Weight: 25.0) from Carrot Crate (ID: crate_preview)
[22/06/2024 17:58:58] _lil_K won Carrot Sword (ID: carrot_sword_sat, Weight: 25.0) from Carrot Crate (ID: crate_preview)
[22/06/2024 17:58:58] _lil_K won Carrot Axe (ID: carrot_axe, Weight: 25.0) from Carrot Crate (ID: crate_preview)
[22/06/2024 17:58:58] Inyofacelinux won Carrot Pickaxe (ID: carrot_pickaxe, Weight: 25.0) from Carrot Crate (ID: crate_preview)
[22/06/2024 17:58:58] Inyofacelinux won Carrot Shield (ID: carrot_shield, Weight: 25.0) from Carrot Crate (ID: crate_preview)
[22/06/2024 17:58:59] Inyofacelinux won Carrot Sword (ID: carrot_sword_sat, Weight: 25.0) from Carrot Crate (ID: crate_preview)
[22/06/2024 17:58:59] Inyofacelinux won Magical Grass Block (ID: inf_grass, Weight: 25.0) from Carrot Crate (ID: crate_preview)
[22/06/2024 17:58:59] Inyofacelinux won Carrot Shield (ID: carrot_shield, Weight: 25.0) from Carrot Crate (ID: crate_preview)
[22/06/2024 17:59:00] Inyofacelinux won Carrot Pickaxe (ID: carrot_pickaxe, Weight: 25.0) from Carrot Crate (ID: crate_preview)
[22/06/2024 17:59:00] Inyofacelinux won Carrot Pickaxe (ID: carrot_pickaxe, Weight: 25.0) from Carrot Crate (ID: crate_preview)
[22/06/2024 17:59:01] Inyofacelinux won Carrot Shield (ID: carrot_shield, Weight: 25.0) from Carrot Crate (ID: crate_preview)
[22/06/2024 17:59:01] Inyofacelinux won Carrot Shovel (ID: carrot_shovel, Weight: 25.0) from Carrot Crate (ID: crate_preview)
[22/06/2024 17:59:01] Inyofacelinux won Carrot Axe (ID: carrot_axe, Weight: 25.0) from Carrot Crate (ID: crate_preview)
[22/06/2024 17:59:01] Inyofacelinux won Carrot Pickaxe (ID: carrot_pickaxe, Weight: 25.0) from Carrot Crate (ID: crate_preview)
[22/06/2024 17:59:01] Inyofacelinux won Magical Grass Block (ID: inf_grass, Weight: 25.0) from Carrot Crate (ID: crate_preview)
[22/06/2024 17:59:01] Inyofacelinux won Carrot Shield (ID: carrot_shield, Weight: 25.0) from Carrot Crate (ID: crate_preview)
[22/06/2024 17:59:02] Inyofacelinux won Carrot Axe (ID: carrot_axe, Weight: 25.0) from Carrot Crate (ID: crate_preview)
[22/06/2024 17:59:02] Inyofacelinux won Carrot Axe (ID: carrot_axe, Weight: 25.0) from Carrot Crate (ID: crate_preview)
[22/06/2024 17:59:02] Inyofacelinux won Magical Grass Block (ID: inf_grass, Weight: 25.0) from Carrot Crate (ID: crate_preview)
[22/06/2024 17:59:02] Inyofacelinux won Carrot Axe (ID: carrot_axe, Weight: 25.0) from Carrot Crate (ID: crate_preview)
[22/06/2024 17:59:22] Inyofacelinux won Carrot Sword (ID: carrot_sword, Weight: 25.0) from Carrot Crate (ID: crate_preview)
[22/06/2024 17:59:23] Inyofacelinux won Carrot Pickaxe (ID: carrot_pickaxe, Weight: 25.0) from Carrot Crate (ID: crate_preview)
[22/06/2024 17:59:24] Inyofacelinux won Carrot Sword (ID: carrot_sword_sat, Weight: 25.0) from Carrot Crate (ID: crate_preview)
[22/06/2024 17:59:24] Inyofacelinux won Carrot Shield (ID: carrot_shield, Weight: 25.0) from Carrot Crate (ID: crate_preview)
[22/06/2024 17:59:24] Inyofacelinux won Carrot Pickaxe (ID: carrot_pickaxe, Weight: 25.0) from Carrot Crate (ID: crate_preview)
[22/06/2024 17:59:27] Inyofacelinux won Carrot Sword (ID: carrot_sword, Weight: 25.0) from Carrot Crate (ID: crate_preview)
[22/06/2024 17:59:27] Inyofacelinux won Carrot Shield (ID: carrot_shield, Weight: 25.0) from Carrot Crate (ID: crate_preview)
[22/06/2024 17:59:27] Inyofacelinux won Magical Grass Block (ID: inf_grass, Weight: 25.0) from Carrot Crate (ID: crate_preview)
[22/06/2024 17:59:27] Inyofacelinux won Carrot Axe (ID: carrot_axe, Weight: 25.0) from Carrot Crate (ID: crate_preview)
[22/06/2024 17:59:28] Inyofacelinux won Carrot Pickaxe (ID: carrot_pickaxe, Weight: 25.0) from Carrot Crate (ID: crate_preview)
[22/06/2024 17:59:28] Inyofacelinux won Carrot Shovel (ID: carrot_shovel, Weight: 25.0) from Carrot Crate (ID: crate_preview)
[22/06/2024 17:59:28] Inyofacelinux won Carrot Sword (ID: carrot_sword_sat, Weight: 25.0) from Carrot Crate (ID: crate_preview)
[22/06/2024 17:59:41] _lil_K won Carrot Shovel (ID: carrot_shovel, Weight: 25.0) from Carrot Crate (ID: crate_preview)
[22/06/2024 17:59:41] _lil_K won Magical Grass Block (ID: inf_grass, Weight: 25.0) from Carrot Crate (ID: crate_preview)
[22/06/2024 17:59:41] _lil_K won Carrot Shovel (ID: carrot_shovel, Weight: 25.0) from Carrot Crate (ID: crate_preview)
[22/06/2024 17:59:42] _lil_K won Carrot Shield (ID: carrot_shield, Weight: 25.0) from Carrot Crate (ID: crate_preview)
[22/06/2024 17:59:42] _lil_K won Carrot Axe (ID: carrot_axe, Weight: 25.0) from Carrot Crate (ID: crate_preview)
[22/06/2024 17:59:42] _lil_K won Carrot Axe (ID: carrot_axe, Weight: 25.0) from Carrot Crate (ID: crate_preview)
[22/06/2024 17:59:59] _lil_K won Magical Grass Block (ID: inf_grass, Weight: 25.0) from Carrot Crate (ID: crate_preview)
[22/06/2024 17:59:59] _lil_K won Magical Grass Block (ID: inf_grass, Weight: 25.0) from Carrot Crate (ID: crate_preview)
[22/06/2024 17:59:59] _lil_K won Carrot Shield (ID: carrot_shield, Weight: 25.0) from Carrot Crate (ID: crate_preview)
[22/06/2024 17:59:59] _lil_K won Carrot Shield (ID: carrot_shield, Weight: 25.0) from Carrot Crate (ID: crate_preview)
[22/06/2024 17:59:59] _lil_K won Carrot Shovel (ID: carrot_shovel, Weight: 25.0) from Carrot Crate (ID: crate_preview)
[22/06/2024 18:00:00] _lil_K won Carrot Shovel (ID: carrot_shovel, Weight: 25.0) from Carrot Crate (ID: crate_preview)
[22/06/2024 18:00:00] _lil_K won Carrot Pickaxe (ID: carrot_pickaxe, Weight: 25.0) from Carrot Crate (ID: crate_preview)
[22/06/2024 18:00:00] _lil_K won Carrot Axe (ID: carrot_axe, Weight: 25.0) from Carrot Crate (ID: crate_preview)
[22/06/2024 18:00:00] _lil_K won Carrot Shield (ID: carrot_shield, Weight: 25.0) from Carrot Crate (ID: crate_preview)
[22/06/2024 18:00:00] _lil_K won Carrot Shield (ID: carrot_shield, Weight: 25.0) from Carrot Crate (ID: crate_preview)
[22/06/2024 18:00:01] _lil_K won Carrot Shovel (ID: carrot_shovel, Weight: 25.0) from Carrot Crate (ID: crate_preview)
[22/06/2024 18:00:01] _lil_K won Carrot Sword (ID: carrot_sword, Weight: 25.0) from Carrot Crate (ID: crate_preview)
[22/06/2024 18:00:01] _lil_K won Carrot Shield (ID: carrot_shield, Weight: 25.0) from Carrot Crate (ID: crate_preview)
[22/06/2024 18:00:01] _lil_K won Magical Grass Block (ID: inf_grass, Weight: 25.0) from Carrot Crate (ID: crate_preview)
[22/06/2024 18:00:01] _lil_K won Carrot Axe (ID: carrot_axe, Weight: 25.0) from Carrot Crate (ID: crate_preview)
[22/06/2024 18:00:02] _lil_K won Carrot Axe (ID: carrot_axe, Weight: 25.0) from Carrot Crate (ID: crate_preview)
[22/06/2024 18:02:22] Inyofacelinux won Carrot Shield (ID: carrot_shield, Weight: 25.0) from Carrot Crate (ID: crate_preview)
[22/06/2024 18:02:22] Inyofacelinux won Carrot Sword (ID: carrot_sword, Weight: 25.0) from Carrot Crate (ID: crate_preview)
[22/06/2024 18:02:22] Inyofacelinux won Carrot Sword (ID: carrot_sword, Weight: 25.0) from Carrot Crate (ID: crate_preview)
[22/06/2024 18:02:22] Inyofacelinux won Carrot Axe (ID: carrot_axe, Weight: 25.0) from Carrot Crate (ID: crate_preview)
[22/06/2024 18:02:23] Inyofacelinux won Carrot Sword (ID: carrot_sword, Weight: 25.0) from Carrot Crate (ID: crate_preview)
[22/06/2024 18:02:23] Inyofacelinux won Carrot Shovel (ID: carrot_shovel, Weight: 25.0) from Carrot Crate (ID: crate_preview)
[22/06/2024 18:02:23] Inyofacelinux won Carrot Axe (ID: carrot_axe, Weight: 25.0) from Carrot Crate (ID: crate_preview)
[22/06/2024 18:06:24] Inyofacelinux won Carrot Pickaxe (ID: carrot_pickaxe, Weight: 25.0) from Carrot Crate (ID: crate_preview)
[22/06/2024 18:06:25] Inyofacelinux won Carrot Shovel (ID: carrot_shovel, Weight: 25.0) from Carrot Crate (ID: crate_preview)
[22/06/2024 18:06:25] Inyofacelinux won Carrot Sword (ID: carrot_sword_sat, Weight: 25.0) from Carrot Crate (ID: crate_preview)
[22/06/2024 18:06:25] Inyofacelinux won Carrot Shield (ID: carrot_shield, Weight: 25.0) from Carrot Crate (ID: crate_preview)
[22/06/2024 18:06:25] Inyofacelinux won Magical Grass Block (ID: inf_grass, Weight: 25.0) from Carrot Crate (ID: crate_preview)
[22/06/2024 18:06:26] Inyofacelinux won Carrot Shield (ID: carrot_shield, Weight: 25.0) from Carrot Crate (ID: crate_preview)
[22/06/2024 18:06:30] Inyofacelinux won Carrot Axe (ID: carrot_axe, Weight: 25.0) from Carrot Crate (ID: crate_preview)
[22/06/2024 18:06:30] Inyofacelinux won Carrot Sword (ID: carrot_sword_sat, Weight: 25.0) from Carrot Crate (ID: crate_preview)
[22/06/2024 18:06:31] Inyofacelinux won Carrot Shovel (ID: carrot_shovel, Weight: 25.0) from Carrot Crate (ID: crate_preview)
[22/06/2024 18:06:31] Inyofacelinux won Carrot Shield (ID: carrot_shield, Weight: 25.0) from Carrot Crate (ID: crate_preview)
[22/06/2024 18:06:33] Inyofacelinux won Carrot Sword (ID: carrot_sword, Weight: 25.0) from Carrot Crate (ID: crate_preview)
[22/06/2024 18:06:34] Inyofacelinux won Carrot Sword (ID: carrot_sword, Weight: 25.0) from Carrot Crate (ID: crate_preview)
[22/06/2024 18:07:12] Inyofacelinux won Carrot Sword (ID: carrot_sword_sat, Weight: 25.0) from Carrot Crate (ID: crate_preview)
[22/06/2024 18:07:15] Inyofacelinux won Magical Grass Block (ID: inf_grass, Weight: 25.0) from Carrot Crate (ID: crate_preview)
[22/06/2024 18:07:20] Inyofacelinux won Magical Grass Block (ID: inf_grass, Weight: 25.0) from Carrot Crate (ID: crate_preview)
[22/06/2024 18:07:20] Inyofacelinux won Carrot Sword (ID: carrot_sword_sat, Weight: 25.0) from Carrot Crate (ID: crate_preview)
[22/06/2024 18:07:20] Inyofacelinux won Carrot Axe (ID: carrot_axe, Weight: 25.0) from Carrot Crate (ID: crate_preview)
[22/06/2024 18:07:21] Inyofacelinux won Carrot Pickaxe (ID: carrot_pickaxe, Weight: 25.0) from Carrot Crate (ID: crate_preview)
[22/06/2024 18:07:21] Inyofacelinux won Carrot Sword (ID: carrot_sword_sat, Weight: 25.0) from Carrot Crate (ID: crate_preview)
[22/06/2024 18:07:29] Inyofacelinux won Carrot Shield (ID: carrot_shield, Weight: 25.0) from Carrot Crate (ID: crate_preview)
[22/06/2024 18:07:39] Inyofacelinux won Carrot Shield (ID: carrot_shield, Weight: 25.0) from Carrot Crate (ID: crate_preview)
[22/06/2024 18:07:40] Inyofacelinux won Carrot Sword (ID: carrot_sword_sat, Weight: 25.0) from Carrot Crate (ID: crate_preview)
[22/06/2024 18:08:18] Inyofacelinux won Carrot Sword (ID: carrot_sword_sat, Weight: 25.0) from Carrot Crate (ID: crate_preview)
[22/06/2024 18:08:19] Inyofacelinux won Carrot Shield (ID: carrot_shield, Weight: 25.0) from Carrot Crate (ID: crate_preview)
[22/06/2024 18:08:19] Inyofacelinux won Magical Grass Block (ID: inf_grass, Weight: 25.0) from Carrot Crate (ID: crate_preview)
[22/06/2024 18:08:19] Inyofacelinux won Carrot Shield (ID: carrot_shield, Weight: 25.0) from Carrot Crate (ID: crate_preview)
[22/06/2024 18:08:19] Inyofacelinux won Carrot Shovel (ID: carrot_shovel, Weight: 25.0) from Carrot Crate (ID: crate_preview)
[22/06/2024 18:08:20] Inyofacelinux won Carrot Shield (ID: carrot_shield, Weight: 25.0) from Carrot Crate (ID: crate_preview)
[22/06/2024 18:08:20] Inyofacelinux won Carrot Sword (ID: carrot_sword_sat, Weight: 25.0) from Carrot Crate (ID: crate_preview)
[22/06/2024 18:08:20] Inyofacelinux won Carrot Sword (ID: carrot_sword_sat, Weight: 25.0) from Carrot Crate (ID: crate_preview)
[22/06/2024 18:08:20] Inyofacelinux won Magical Grass Block (ID: inf_grass, Weight: 25.0) from Carrot Crate (ID: crate_preview)
[22/06/2024 18:08:20] Inyofacelinux won Carrot Axe (ID: carrot_axe, Weight: 25.0) from Carrot Crate (ID: crate_preview)
[22/06/2024 18:08:20] Inyofacelinux won Carrot Sword (ID: carrot_sword, Weight: 25.0) from Carrot Crate (ID: crate_preview)
[22/06/2024 18:08:21] Inyofacelinux won Carrot Shield (ID: carrot_shield, Weight: 25.0) from Carrot Crate (ID: crate_preview)
[22/06/2024 18:08:21] Inyofacelinux won Magical Grass Block (ID: inf_grass, Weight: 25.0) from Carrot Crate (ID: crate_preview)
[22/06/2024 18:08:21] Inyofacelinux won Carrot Axe (ID: carrot_axe, Weight: 25.0) from Carrot Crate (ID: crate_preview)
[22/06/2024 18:08:21] Inyofacelinux won Carrot Sword (ID: carrot_sword, Weight: 25.0) from Carrot Crate (ID: crate_preview)
[22/06/2024 18:08:21] Inyofacelinux won Carrot Shovel (ID: carrot_shovel, Weight: 25.0) from Carrot Crate (ID: crate_preview)
[22/06/2024 18:08:22] Inyofacelinux won Carrot Sword (ID: carrot_sword, Weight: 25.0) from Carrot Crate (ID: crate_preview)
[22/06/2024 18:08:22] Inyofacelinux won Carrot Sword (ID: carrot_sword, Weight: 25.0) from Carrot Crate (ID: crate_preview)
[22/06/2024 18:08:22] Inyofacelinux won Carrot Sword (ID: carrot_sword, Weight: 25.0) from Carrot Crate (ID: crate_preview)
[22/06/2024 18:08:22] Inyofacelinux won Carrot Sword (ID: carrot_sword, Weight: 25.0) from Carrot Crate (ID: crate_preview)
[22/06/2024 18:08:22] Inyofacelinux won Carrot Pickaxe (ID: carrot_pickaxe, Weight: 25.0) from Carrot Crate (ID: crate_preview)
[22/06/2024 18:08:23] Inyofacelinux won Magical Grass Block (ID: inf_grass, Weight: 25.0) from Carrot Crate (ID: crate_preview)
[22/06/2024 18:08:23] Inyofacelinux won Carrot Pickaxe (ID: carrot_pickaxe, Weight: 25.0) from Carrot Crate (ID: crate_preview)
[22/06/2024 18:08:23] Inyofacelinux won Carrot Axe (ID: carrot_axe, Weight: 25.0) from Carrot Crate (ID: crate_preview)
[22/06/2024 18:08:23] Inyofacelinux won Carrot Axe (ID: carrot_axe, Weight: 25.0) from Carrot Crate (ID: crate_preview)
[22/06/2024 18:09:43] Inyofacelinux won Carrot Sword (ID: carrot_sword_sat, Weight: 25.0) from Carrot Crate (ID: crate_preview)
[22/06/2024 18:09:43] Inyofacelinux won Carrot Shield (ID: carrot_shield, Weight: 25.0) from Carrot Crate (ID: crate_preview)
[22/06/2024 18:09:44] Inyofacelinux won Carrot Shield (ID: carrot_shield, Weight: 25.0) from Carrot Crate (ID: crate_preview)
[22/06/2024 18:09:44] Inyofacelinux won Magical Grass Block (ID: inf_grass, Weight: 25.0) from Carrot Crate (ID: crate_preview)
[22/06/2024 18:09:44] Inyofacelinux won Carrot Shovel (ID: carrot_shovel, Weight: 25.0) from Carrot Crate (ID: crate_preview)
[22/06/2024 18:09:45] Inyofacelinux won Carrot Sword (ID: carrot_sword, Weight: 25.0) from Carrot Crate (ID: crate_preview)
[22/06/2024 18:09:45] Inyofacelinux won Carrot Sword (ID: carrot_sword, Weight: 25.0) from Carrot Crate (ID: crate_preview)
[22/06/2024 18:10:49] Inyofacelinux won Carrot Shovel (ID: carrot_shovel, Weight: 25.0) from Carrot Crate (ID: crate_preview)
[22/06/2024 18:10:49] Inyofacelinux won Carrot Axe (ID: carrot_axe, Weight: 25.0) from Carrot Crate (ID: crate_preview)
[22/06/2024 18:10:49] Inyofacelinux won Carrot Axe (ID: carrot_axe, Weight: 25.0) from Carrot Crate (ID: crate_preview)
[22/06/2024 18:10:49] Inyofacelinux won Carrot Sword (ID: carrot_sword, Weight: 25.0) from Carrot Crate (ID: crate_preview)
[22/06/2024 18:10:49] Inyofacelinux won Carrot Shovel (ID: carrot_shovel, Weight: 25.0) from Carrot Crate (ID: crate_preview)
[22/06/2024 18:10:50] Inyofacelinux won Carrot Sword (ID: carrot_sword_sat, Weight: 25.0) from Carrot Crate (ID: crate_preview)
[22/06/2024 18:10:50] Inyofacelinux won Carrot Pickaxe (ID: carrot_pickaxe, Weight: 25.0) from Carrot Crate (ID: crate_preview)
[22/06/2024 18:10:50] Inyofacelinux won Carrot Axe (ID: carrot_axe, Weight: 25.0) from Carrot Crate (ID: crate_preview)
[22/06/2024 18:10:50] Inyofacelinux won Carrot Sword (ID: carrot_sword_sat, Weight: 25.0) from Carrot Crate (ID: crate_preview)
[22/06/2024 18:10:50] Inyofacelinux won Carrot Axe (ID: carrot_axe, Weight: 25.0) from Carrot Crate (ID: crate_preview)
[22/06/2024 18:10:50] Inyofacelinux won Magical Grass Block (ID: inf_grass, Weight: 25.0) from Carrot Crate (ID: crate_preview)
[22/06/2024 18:10:51] Inyofacelinux won Carrot Pickaxe (ID: carrot_pickaxe, Weight: 25.0) from Carrot Crate (ID: crate_preview)
[22/06/2024 18:10:51] Inyofacelinux won Carrot Pickaxe (ID: carrot_pickaxe, Weight: 25.0) from Carrot Crate (ID: crate_preview)
[22/06/2024 18:10:51] Inyofacelinux won Carrot Shovel (ID: carrot_shovel, Weight: 25.0) from Carrot Crate (ID: crate_preview)
[22/06/2024 18:10:51] Inyofacelinux won Carrot Sword (ID: carrot_sword, Weight: 25.0) from Carrot Crate (ID: crate_preview)
[22/06/2024 18:10:51] Inyofacelinux won Carrot Shield (ID: carrot_shield, Weight: 25.0) from Carrot Crate (ID: crate_preview)
[22/06/2024 18:10:52] Inyofacelinux won Carrot Sword (ID: carrot_sword, Weight: 25.0) from Carrot Crate (ID: crate_preview)
[22/06/2024 18:10:52] Inyofacelinux won Carrot Shovel (ID: carrot_shovel, Weight: 25.0) from Carrot Crate (ID: crate_preview)
[22/06/2024 18:10:52] Inyofacelinux won Carrot Shield (ID: carrot_shield, Weight: 25.0) from Carrot Crate (ID: crate_preview)
[22/06/2024 18:10:52] Inyofacelinux won Carrot Shield (ID: carrot_shield, Weight: 25.0) from Carrot Crate (ID: crate_preview)
[22/06/2024 18:10:52] Inyofacelinux won Carrot Axe (ID: carrot_axe, Weight: 25.0) from Carrot Crate (ID: crate_preview)
[22/06/2024 18:10:53] Inyofacelinux won Carrot Sword (ID: carrot_sword, Weight: 25.0) from Carrot Crate (ID: crate_preview)
[22/06/2024 18:10:53] Inyofacelinux won Carrot Sword (ID: carrot_sword, Weight: 25.0) from Carrot Crate (ID: crate_preview)
[22/06/2024 18:10:53] Inyofacelinux won Carrot Shovel (ID: carrot_shovel, Weight: 25.0) from Carrot Crate (ID: crate_preview)
[22/06/2024 18:10:53] Inyofacelinux won Carrot Shield (ID: carrot_shield, Weight: 25.0) from Carrot Crate (ID: crate_preview)
[22/06/2024 18:10:54] Inyofacelinux won Carrot Axe (ID: carrot_axe, Weight: 25.0) from Carrot Crate (ID: crate_preview)
[22/06/2024 18:10:54] Inyofacelinux won Carrot Pickaxe (ID: carrot_pickaxe, Weight: 25.0) from Carrot Crate (ID: crate_preview)
[22/06/2024 18:10:54] Inyofacelinux won Carrot Sword (ID: carrot_sword_sat, Weight: 25.0) from Carrot Crate (ID: crate_preview)
[22/06/2024 18:10:54] Inyofacelinux won Carrot Shovel (ID: carrot_shovel, Weight: 25.0) from Carrot Crate (ID: crate_preview)
[22/06/2024 18:10:54] Inyofacelinux won Carrot Pickaxe (ID: carrot_pickaxe, Weight: 25.0) from Carrot Crate (ID: crate_preview)
[22/06/2024 18:20:08] Inyofacelinux won Magical Grass Block (ID: inf_grass, Weight: 25.0) from Carrot Crate (ID: crate_preview)
[22/06/2024 18:20:08] Inyofacelinux won Carrot Sword (ID: carrot_sword, Weight: 25.0) from Carrot Crate (ID: crate_preview)
[22/06/2024 18:20:08] Inyofacelinux won Carrot Sword (ID: carrot_sword_sat, Weight: 25.0) from Carrot Crate (ID: crate_preview)
[22/06/2024 18:20:08] Inyofacelinux won Carrot Sword (ID: carrot_sword_sat, Weight: 25.0) from Carrot Crate (ID: crate_preview)
[22/06/2024 18:20:09] Inyofacelinux won Carrot Shield (ID: carrot_shield, Weight: 25.0) from Carrot Crate (ID: crate_preview)
[22/06/2024 18:20:09] Inyofacelinux won Carrot Shield (ID: carrot_shield, Weight: 25.0) from Carrot Crate (ID: crate_preview)
[22/06/2024 18:20:09] Inyofacelinux won Carrot Pickaxe (ID: carrot_pickaxe, Weight: 25.0) from Carrot Crate (ID: crate_preview)
[22/06/2024 18:20:09] Inyofacelinux won Carrot Sword (ID: carrot_sword, Weight: 25.0) from Carrot Crate (ID: crate_preview)
[22/06/2024 18:20:09] Inyofacelinux won Magical Grass Block (ID: inf_grass, Weight: 25.0) from Carrot Crate (ID: crate_preview)
[22/06/2024 18:20:10] Inyofacelinux won Carrot Shovel (ID: carrot_shovel, Weight: 25.0) from Carrot Crate (ID: crate_preview)
[22/06/2024 18:20:10] Inyofacelinux won Carrot Sword (ID: carrot_sword, Weight: 25.0) from Carrot Crate (ID: crate_preview)
[22/06/2024 18:20:10] Inyofacelinux won Carrot Shield (ID: carrot_shield, Weight: 25.0) from Carrot Crate (ID: crate_preview)
[22/06/2024 18:20:10] Inyofacelinux won Carrot Sword (ID: carrot_sword, Weight: 25.0) from Carrot Crate (ID: crate_preview)
[22/06/2024 18:20:10] Inyofacelinux won Magical Grass Block (ID: inf_grass, Weight: 25.0) from Carrot Crate (ID: crate_preview)
[22/06/2024 18:20:11] Inyofacelinux won Carrot Pickaxe (ID: carrot_pickaxe, Weight: 25.0) from Carrot Crate (ID: crate_preview)
[22/06/2024 18:20:11] Inyofacelinux won Carrot Shield (ID: carrot_shield, Weight: 25.0) from Carrot Crate (ID: crate_preview)
[22/06/2024 18:20:11] Inyofacelinux won Carrot Shield (ID: carrot_shield, Weight: 25.0) from Carrot Crate (ID: crate_preview)
[22/06/2024 18:20:11] Inyofacelinux won Carrot Shield (ID: carrot_shield, Weight: 25.0) from Carrot Crate (ID: crate_preview)
[22/06/2024 18:20:11] Inyofacelinux won Carrot Shield (ID: carrot_shield, Weight: 25.0) from Carrot Crate (ID: crate_preview)
[22/06/2024 18:20:12] Inyofacelinux won Carrot Axe (ID: carrot_axe, Weight: 25.0) from Carrot Crate (ID: crate_preview)
[22/06/2024 18:20:12] Inyofacelinux won Carrot Sword (ID: carrot_sword_sat, Weight: 25.0) from Carrot Crate (ID: crate_preview)
[22/06/2024 18:20:12] Inyofacelinux won Carrot Sword (ID: carrot_sword, Weight: 25.0) from Carrot Crate (ID: crate_preview)
[22/06/2024 18:20:12] Inyofacelinux won Magical Grass Block (ID: inf_grass, Weight: 25.0) from Carrot Crate (ID: crate_preview)
[22/06/2024 18:20:12] Inyofacelinux won Carrot Shovel (ID: carrot_shovel, Weight: 25.0) from Carrot Crate (ID: crate_preview)
[22/06/2024 18:20:13] Inyofacelinux won Carrot Shield (ID: carrot_shield, Weight: 25.0) from Carrot Crate (ID: crate_preview)
[22/06/2024 18:20:13] Inyofacelinux won Carrot Sword (ID: carrot_sword, Weight: 25.0) from Carrot Crate (ID: crate_preview)
[22/06/2024 18:20:13] Inyofacelinux won Carrot Shield (ID: carrot_shield, Weight: 25.0) from Carrot Crate (ID: crate_preview)
[22/06/2024 18:20:13] Inyofacelinux won Carrot Pickaxe (ID: carrot_pickaxe, Weight: 25.0) from Carrot Crate (ID: crate_preview)
[22/06/2024 18:20:13] Inyofacelinux won Carrot Sword (ID: carrot_sword, Weight: 25.0) from Carrot Crate (ID: crate_preview)
[22/06/2024 18:20:14] Inyofacelinux won Carrot Axe (ID: carrot_axe, Weight: 25.0) from Carrot Crate (ID: crate_preview)
