15:02 Inyofacelinux: ,
15:02 HeyItzSock   : fuck
15:02 HeyItzSock   : shit
15:03 HeyItzSock   : fuck mojang
15:06 HeyItzSock   : heyu
15:06 HeyItzSock   : rank
15:15 HeyItzSock   : beans
15:16 HeyItzSock   : yes
16:04 HeyItzSock: ill brb vc not working
16:48 Inyofacelinux: ./minecraft:give @p netherite_pickaxe{Unbreakable:1b} 1
22:26 _lil_K    : Hiii
22:26 HeyItzSock: hi
22:26 HeyItzSock: you should be op'ed
22:27 HeyItzSock: and the score board hasnt been configed yet
22:27 _lil_K    : Alrighty
22:27 _lil_K    : this is my second using feather and its super cool
22:27 HeyItzSock: ok do //brush shpere gold_block 3
22:27 HeyItzSock: with a tool in your hand
22:28 HeyItzSock: like a iron axe or smt
22:28 HeyItzSock: sphere*
22:28 _lil_K    : WOW
22:28 HeyItzSock: now get another tool
22:29 _lil_K    : got one
22:29 HeyItzSock: and do // brush sphere stone,andesite 3
22:29 HeyItzSock: then /mask gold_block
22:30 HeyItzSock: you can do a mask of any block
22:30 _lil_K    : OMG
22:30 _lil_K    : this is so fudging cool!
22:30 HeyItzSock: and you can do a brush with any block
22:30 HeyItzSock: like watch this
22:31 _lil_K    : this will make building so easy
22:31 _lil_K    : Hii BD
22:31 BDPlaysLive: hi!
22:31 HeyItzSock : hii
22:32 BDPlaysLive: im being assaulted
22:32 HeyItzSock : oof
22:32 HeyItzSock : there
22:32 HeyItzSock : ok
22:32 BDPlaysLive: thanks lmao
22:32 HeyItzSock : so
22:33 BDPlaysLive: like my skin mills? Made it yourself XD
22:33 HeyItzSock : yes lol
22:34 BDPlaysLive: where is everyone
22:34 HeyItzSock : o kenz another cool brush
22:34 BDPlaysLive: what are we doing btw lol
22:34 _lil_K     : oo
22:34 _lil_K     : Learning tools
22:34 HeyItzSock : learning commads
22:35 BDPlaysLive: im here
22:35 HeyItzSock : .//brush smooth
22:35 HeyItzSock : ok get a tool bd like a shovel or sword
22:35 BDPlaysLive: got one
22:35 HeyItzSock : k
22:35 BDPlaysLive: also i dont have cool text :( (kidding do your stuff XD)
22:35 HeyItzSock : do //brush sphere gold_block 3
22:36 BDPlaysLive: i burried myself.......
22:36 BDPlaysLive: XD
22:36 HeyItzSock : now replace gold_block with stone,andesite
22:37 HeyItzSock : on a seprate tool
22:37 BDPlaysLive: can i paint it on it or will it just make seperate spheres
22:37 HeyItzSock : just wait
22:37 HeyItzSock : were getting to that
22:37 BDPlaysLive: hmm i think i messed up the commaned
22:37 BDPlaysLive: command
22:38 BDPlaysLive: one sec
22:38 HeyItzSock : k
22:38 HeyItzSock : do /mask gold_block
22:38 BDPlaysLive: got it
22:38 BDPlaysLive: oooh
22:38 HeyItzSock : wheres kenz
22:38 HeyItzSock : o
22:38 BDPlaysLive: she was right here before
22:39 _lil_K     : Sorry im learning commands x.x
22:39 HeyItzSock : now do //brush smooth with a new tool bd
22:39 _lil_K     : Hey mills how do I do the prefix?
22:40 BDPlaysLive: neat!
22:40 BDPlaysLive: also same im just me and its sad
22:40 BDPlaysLive: i know it wont matter later but since she asked im curious lol
22:40 HeyItzSock : ./tree
22:41 BDPlaysLive: i ate your trees
22:41 HeyItzSock : o if you make a mistake //undo is your bff
22:42 BDPlaysLive: well ill always try my best but i think kenzie will be the better mod lol
22:42 BDPlaysLive: shes going sicko mode
22:42 HeyItzSock : lol
22:42 HeyItzSock : shes learning fast
22:43 BDPlaysLive: im trying but im also drunk give me a little credit XD
22:43 BDPlaysLive: so will we be using a prebuilt world or building the ENTIRE thing by hand?
22:43 _lil_K     : rawr
22:43 HeyItzSock : bd /bal
22:43 BDPlaysLive: yo im rich
22:44 _lil_K     : how get money
22:44 BDPlaysLive: she gave me $
22:44 BDPlaysLive: 1m btw, no flex
22:44 _lil_K     : HOW GET PLEASE :(
22:44 HeyItzSock : ./economy give BDPlaysLive 1000000
22:44 _lil_K     : moneyy
22:44 BDPlaysLive: WOOOOOOOOOOO
22:44 BDPlaysLive: lol
22:44 _lil_K     : IM BIG RICH YIPPIE
22:44 HeyItzSock : lol
22:45 HeyItzSock : only on the test server
22:45 BDPlaysLive: rip
22:45 _lil_K     : kk
22:45 BDPlaysLive: i want 30 billion when it launches thank you very much
22:45 _lil_K     : mills how do I give myself a prefix?
22:45 HeyItzSock : uhh working on that
22:45 _lil_K     : Okiee
22:45 BDPlaysLive: well shes an owner so thats wack im just poor
22:46 BDPlaysLive: also i made her a billionaire so haha
22:46 HeyItzSock : i think
22:46 HeyItzSock : i can
22:46 HeyItzSock : make one with birdflop and send it in discord kenz
22:46 _lil_K     : I made one :)
22:46 HeyItzSock : ok
22:47 BDPlaysLive: wtf is birdflop
22:47 _lil_K     : I put SR mod in it, is that okay?
22:47 HeyItzSock : rgb text for mc
22:47 HeyItzSock : yes
22:47 _lil_K     : okiee
22:47 BDPlaysLive: well i dont know how to do that so ill just stay lame
22:47 HeyItzSock : makes my lif easier
22:47 BDPlaysLive: rude
22:47 HeyItzSock : look up birdflop rgb bd
22:48 BDPlaysLive: i can do it later you have your hands full
22:48 HeyItzSock : no i dont
22:48 BDPlaysLive: youre making a server i feel like an inconvinience
22:48 HeyItzSock : im doing kenzies so i might as well get yours
22:48 BDPlaysLive: spelled wrong i know lol
22:48 HeyItzSock : your not..
22:48 _lil_K     : :D
22:50 BDPlaysLive: is there anything i need to know to make mine? I just want to be BD and whatever server roll i am
22:50 HeyItzSock : its like celestial what ever just have SR Mod at the start
22:51 BDPlaysLive: so put SR Mod in that slot that says prefix? Also im a shogun so i wouldnt know yalls rich people slang XD
22:51 BDPlaysLive: sorry to be poor lol
22:52 BDPlaysLive: nvm ill look it up yall keep working on commands
22:52 HeyItzSock : put sr mod and what ever else you want
22:52 HeyItzSock : kenz
22:53 _lil_K     : Yas? :)
22:53 HeyItzSock : do a nickname aswell pls
22:53 _lil_K     : :)
22:53 HeyItzSock : cause i dont have the same plugin as legion
22:53 _lil_K     : Wait in the prefix?
22:53 HeyItzSock : idk havent added it yet
22:54 _lil_K     : It wont change my nickname to kenzie
22:55 HeyItzSock : ik make one and send it in discord i dont have that plugin yet
22:55 _lil_K     : ohh okay
22:55 HeyItzSock : o /invsee [name]
22:57 _lil_K     : wait how do I make a nickname?:,)
22:57 HeyItzSock : ill just do it as your user for now
22:57 _lil_K     : okayy
22:58 BDPlaysLive: do you need the regular exported thing or the exported url for the rgb thang
22:59 HeyItzSock : say smt kenz
22:59 _lil_K     : Hii
22:59 HeyItzSock : damn
22:59 _lil_K     : :,)
22:59 HeyItzSock : o wait
22:59 HeyItzSock : i forgot to add you to the thing
23:00 BDPlaysLive: so for the rgb thing do i put SR Mod in the prefix/suffix thing or in front of my name? Im sorry ive been too broke to ever need to use this
23:01 HeyItzSock : prefix
23:01 BDPlaysLive: cool thanks, do you need the url or the other version
23:02 _lil_K     : hii
23:02 HeyItzSock : !
23:02 HeyItzSock : wth
23:02 BDPlaysLive: lol rip
23:02 _lil_K     : It dont like me x.x
23:02 BDPlaysLive: well we're all struglin
23:02 BDPlaysLive: kenz at least you can use the rgb thing
23:02 BDPlaysLive: im dumb af
23:02 _lil_K     : true
23:02 BDPlaysLive: okay that was rude for a fellow western townmate
23:03 BDPlaysLive: :
23:03 BDPlaysLive: :|
23:03 _lil_K     : :D
23:03 HeyItzSock : wtf
23:03 BDPlaysLive: try me so it can work and have me be better than mills
23:03 BDPlaysLive: *kenzie
23:04 HeyItzSock : kenx
23:04 HeyItzSock : i think i did it
23:04 _lil_K     : Yas
23:04 HeyItzSock : nope
23:04 _lil_K     : x.x
23:04 HeyItzSock : one sec
23:05 _lil_K     : im go to the bathroom brb
23:05 BDPlaysLive: mills did i send the right thing or no
23:06 HeyItzSock : one sec
23:06 BDPlaysLive: i didnt know which thing you needed when exporting
23:06 BDPlaysLive: and youre good im chillin chugging beers to catch up with my wife lol
23:09 HeyItzSock : i confused
23:09 BDPlaysLive: same
23:09 BDPlaysLive: idk what to export
23:09 HeyItzSock : it says mine in tab
23:09 HeyItzSock : but not chat
23:10 BDPlaysLive: i saw it when i first joined and yeah now it just says owner
23:10 HeyItzSock : uh
23:10 BDPlaysLive: also how do i export mine because i clicked export and it did what i sent you
23:11 HeyItzSock : ahhhhhhh
23:11 _lil_K     : Im backk
23:11 BDPlaysLive: woo!
23:12 _lil_K     : hii
23:12 BDPlaysLive: maybe she needs to leave?
23:12 BDPlaysLive: idk im not a server gamer
23:13 HeyItzSock : ?
23:13 HeyItzSock : no
23:13 _lil_K     : huh
23:13 HeyItzSock : wth it worked ealier
23:13 BDPlaysLive: i mean at least she sent the right thing i still dont know what to send XD
23:14 HeyItzSock : ill show you in a sec
23:14 BDPlaysLive: if you dont want to i can youtube it
23:14 BDPlaysLive: i feel like a dumbass when i dont know simple minecraft server stuff but blossom is the first server ive been a constant player on in like a decade lol
23:15 HeyItzSock : hmmm
23:16 HeyItzSock : idk ill figure it out soon
23:16 HeyItzSock : umm for now
23:16 HeyItzSock : try /crazyenchantments
23:16 _lil_K     : period
23:17 BDPlaysLive: very nice kenz
23:17 HeyItzSock : like sword
23:19 BDPlaysLive: gotchya
23:19 HeyItzSock : with crazy enchants you can add upto lvl 255 enchants
23:19 BDPlaysLive: dude im mad our pizza still isnt here
23:19 BDPlaysLive: and thats actually insane
23:20 BDPlaysLive: brb im gonna see if pizza is here
23:20 _lil_K     : okii
23:22 HeyItzSock : oops i did this wrong
23:22 _lil_K     : anyone commands we should try? :)
23:22 BDPlaysLive: it was here lets go
23:23 HeyItzSock : oops i did this wrong
23:23 HeyItzSock : rip
23:24 BDPlaysLive: im half back but also eating pizza
23:24 BDPlaysLive: yall good?
23:24 HeyItzSock : yes
23:25 BDPlaysLive: woo!
23:25 BDPlaysLive: need me to do anything or are we just chillin
23:25 HeyItzSock : im making you smt
23:25 BDPlaysLive: t:o
23:26 BDPlaysLive: lol minus the t
23:26 BDPlaysLive: youre the best <3
23:27 BDPlaysLive: JESUS lol
23:27 HeyItzSock : lol
23:27 BDPlaysLive: oof lol
23:28 BDPlaysLive: are you in godmode lol
23:28 _lil_K     : :D
23:28 BDPlaysLive: rude XD
23:28 HeyItzSock : bye
23:28 BDPlaysLive: i cant wait to build a town with kenz once this server is setup
23:28 BDPlaysLive: whatever millie
23:28 _lil_K     : yess
23:28 _lil_K     : 0.0
23:29 _lil_K     : wbb!
23:29 BDPlaysLive: kidding lol
23:29 HeyItzSock : take a yeetus
23:29 BDPlaysLive: that was kinda rude tho
23:29 BDPlaysLive: also later once its fixed please tell me what i need to copy for my rgb name lol ive never done one
23:30 HeyItzSock : oof
23:30 _lil_K     : :,)
23:30 BDPlaysLive: lol gg kenz
23:31 _lil_K     : o.o
23:31 _lil_K     : oopsie poopsie
23:31 HeyItzSock : weee
23:31 BDPlaysLive: dude these wings are so good rn XD
23:32 HeyItzSock : o wanna know how to make unbreakable things
23:32 BDPlaysLive: also millie i know i said it before but it means a lot that youd consider me for a mod spot
23:32 BDPlaysLive: and yes so then no one can kill me XD
23:32 HeyItzSock : ./minecraft:give @s minecraft:item_name{Unbreakable:1}
23:32 _lil_K     : brb
23:32 HeyItzSock : well play around with commands imma go lay down
23:33 BDPlaysLive: are you okay mills?
23:33 HeyItzSock : yeah its just hot af in my house rn gotta love california
23:33 BDPlaysLive: oof we're in wisconsin lol
23:33 BDPlaysLive: well have a good night! Ill come back when i can to learn more
23:33 BDPlaysLive: i cant wait to help on my friends cool ass server <3
23:34 BDPlaysLive: kenz im gonna find us a desert
23:34 _lil_K     : okiiee
23:34 BDPlaysLive: if you join message me otherwise yall have a good night! :D
23:35 HeyItzSock : umm watch world edit tutorials and also try to figure out how prefixes with luckperms work kenz
23:35 _lil_K     : millsss add me back :)
23:35 HeyItzSock : o
23:35 _lil_K     : okay I will
23:36 HeyItzSock : cause imma leave the server open you should have access to all the commands if not tell me on discord
23:36 _lil_K     : Alrightyy
23:36 HeyItzSock : the first command i can reccomend is /lp
23:36 _lil_K     : alrighty
23:36 HeyItzSock : ./lp editor
23:37 HeyItzSock : alright bye umm i might be back soon
23:37 HeyItzSock : o
23:37 _lil_K     : ?
23:38 HeyItzSock : nvm i dont know
23:38 _lil_K     : okayy
23:39 HeyItzSock : look
23:39 HeyItzSock : look
23:39 _lil_K     : chez ball
23:39 HeyItzSock : .//sphere orange_concrete,orange_wool 30
23:40 HeyItzSock : .//sphere orange_concrete,orange_wool,acacia_wood 30
23:42 HeyItzSock : ok i go now
23:42 _lil_K     : wait
23:42 HeyItzSock : imma learn how to make the scoreboard
23:42 HeyItzSock : ok
23:42 _lil_K     : How do i work the mic thingy x.x
23:42 HeyItzSock : uhhhh
23:42 _lil_K     : wait I can probs youtube it x.x
23:42 HeyItzSock : yeah thats what i did
23:42 _lil_K     : okiee
23:50 HeyItzSock : ok
23:56 HeyItzSock : look its slowly looking better on the scoreboard
23:57 _lil_K     : ooo yess
23:58 _lil_K     : what are we going to do as of rank listing?
